Using pre-set license
Built from '2020.3/staging' branch; Version is '2020.3.33f1 (915a7af8b0d5) revision 9525882'; Using compiler version '192528614'; Build Type 'Release'
OS: 'Windows 11  (10.0.26100) 64bit Core' Language: 'zh' Physical Memory: 7893 MB
BatchMode: 1, IsHumanControllingUs: 0, StartBugReporterOnCrash: 0, Is64bit: 1, IsPro: 0

COMMAND LINE ARGUMENTS:
C:\Program Files\Unity\Hub\Editor\2020.3.33f1\Editor\Unity.exe
-adb2
-batchMode
-noUpm
-name
AssetImportWorker0
-projectPath
C:/Users/owenb/Desktop/ShatteredRainbow
-logFile
Logs/AssetImportWorker0.log
-srvPort
63583
Successfully changed project path to: C:/Users/owenb/Desktop/ShatteredRainbow
C:/Users/owenb/Desktop/ShatteredRainbow
Using Asset Import Pipeline V2.
Refreshing native plugins compatible for Editor in 80.02 ms, found 4 plugins.
Preloading 0 native plugins for Editor in 0.00 ms.
Initialize engine version: 2020.3.33f1 (915a7af8b0d5)
[Subsystems] Discovering subsystems at path C:/Program Files/Unity/Hub/Editor/2020.3.33f1/Editor/Data/Resources/UnitySubsystems
[Subsystems] Discovering subsystems at path C:/Users/owenb/Desktop/ShatteredRainbow/Assets
GfxDevice: creating device client; threaded=0
Direct3D:
    Version:  Direct3D 11.0 [level 11.1]
    Renderer: NVIDIA GeForce RTX 3050 Laptop GPU (ID=0x25a2)
    Vendor:   
    VRAM:     3965 MB
    Driver:   32.0.15.5599
Initialize mono
Mono path[0] = 'C:/Program Files/Unity/Hub/Editor/2020.3.33f1/Editor/Data/Managed'
Mono path[1] = 'C:/Program Files/Unity/Hub/Editor/2020.3.33f1/Editor/Data/MonoBleedingEdge/lib/mono/unityjit'
Mono config path = 'C:/Program Files/Unity/Hub/Editor/2020.3.33f1/Editor/Data/MonoBleedingEdge/etc'
Using monoOptions --debugger-agent=transport=dt_socket,embedding=1,server=y,suspend=n,address=127.0.0.1:56552
Begin MonoManager ReloadAssembly
Registering precompiled unity dll's ...
Register platform support module: C:/Program Files/Unity/Hub/Editor/2020.3.33f1/Editor/Data/PlaybackEngines/WindowsStandaloneSupport/UnityEditor.WindowsStandalone.Extensions.dll
Registered in 0.001271 seconds.
Native extension for WindowsStandalone target not found
Refreshing native plugins compatible for Editor in 66.72 ms, found 4 plugins.
Preloading 0 native plugins for Editor in 0.00 ms.
Mono: successfully reloaded assembly
- Completed reload, in  0.433 seconds
Domain Reload Profiling:
	ReloadAssembly (433ms)
		BeginReloadAssembly (46ms)
			ExecutionOrderSort (0ms)
			DisableScriptedObjects (0ms)
			BackupInstance (0ms)
			ReleaseScriptingObjects (0ms)
			CreateAndSetChildDomain (1ms)
		EndReloadAssembly (338ms)
			LoadAssemblies (44ms)
			RebuildTransferFunctionScriptingTraits (0ms)
			SetupTypeCache (96ms)
			ReleaseScriptCaches (0ms)
			RebuildScriptCaches (20ms)
			SetupLoadedEditorAssemblies (153ms)
				LogAssemblyErrors (0ms)
				InitializePlatformSupportModulesInManaged (3ms)
				SetLoadedEditorAssemblies (0ms)
				RefreshPlugins (67ms)
				BeforeProcessingInitializeOnLoad (9ms)
				ProcessInitializeOnLoadAttributes (56ms)
				ProcessInitializeOnLoadMethodAttributes (18ms)
				AfterProcessingInitializeOnLoad (0ms)
				EditorAssembliesLoaded (0ms)
			ExecutionOrderSort2 (0ms)
			AwakeInstancesAfterBackupRestoration (0ms)
Platform modules already initialized, skipping
Registering precompiled user dll's ...
Registered in 0.004451 seconds.
Begin MonoManager ReloadAssembly
Native extension for WindowsStandalone target not found
Refreshing native plugins compatible for Editor in 67.38 ms, found 4 plugins.
Preloading 0 native plugins for Editor in 0.00 ms.
Mono: successfully reloaded assembly
- Completed reload, in  1.095 seconds
Domain Reload Profiling:
	ReloadAssembly (1096ms)
		BeginReloadAssembly (103ms)
			ExecutionOrderSort (0ms)
			DisableScriptedObjects (3ms)
			BackupInstance (0ms)
			ReleaseScriptingObjects (0ms)
			CreateAndSetChildDomain (14ms)
		EndReloadAssembly (948ms)
			LoadAssemblies (80ms)
			RebuildTransferFunctionScriptingTraits (0ms)
			SetupTypeCache (229ms)
			ReleaseScriptCaches (1ms)
			RebuildScriptCaches (42ms)
			SetupLoadedEditorAssemblies (514ms)
				LogAssemblyErrors (0ms)
				InitializePlatformSupportModulesInManaged (2ms)
				SetLoadedEditorAssemblies (0ms)
				RefreshPlugins (67ms)
				BeforeProcessingInitializeOnLoad (82ms)
				ProcessInitializeOnLoadAttributes (311ms)
				ProcessInitializeOnLoadMethodAttributes (47ms)
				AfterProcessingInitializeOnLoad (4ms)
				EditorAssembliesLoaded (0ms)
			ExecutionOrderSort2 (0ms)
			AwakeInstancesAfterBackupRestoration (5ms)
Platform modules already initialized, skipping
========================================================================
Worker process is ready to serve import requests
Launched and connected shader compiler UnityShaderCompiler.exe after 0.04 seconds
Refreshing native plugins compatible for Editor in 1.04 ms, found 4 plugins.
Preloading 0 native plugins for Editor in 0.00 ms.
Unloading 3997 Unused Serialized files (Serialized files now loaded: 0)
System memory in use before: 162.0 MB.
System memory in use after: 162.2 MB.

Unloading 81 unused Assets to reduce memory usage. Loaded Objects now: 4384.
Total: 5.176000 ms (FindLiveObjects: 0.205900 ms CreateObjectMapping: 0.092400 ms MarkObjects: 4.800600 ms  DeleteObjects: 0.076000 ms)

AssetImportParameters requested are different than current active one (requested -> active):
  custom:framework-win-MediaFoundation: 216162199b28c13a410421893ffa2e32 -> 
  custom:video-decoder-ogg-theora: a1e56fd34408186e4bbccfd4996cb3dc -> 
  custom:container-muxer-webm: aa71ff27fc2769a1b78a27578f13a17b -> 
  custom:container-demuxer-webm: 4f35f7cbe854078d1ac9338744f61a02 -> 
  custom:container-demuxer-ogg: 62fdf1f143b41e24485cea50d1cbac27 -> 
  custom:video-encoder-webm-vp8: eb34c28f22e8b96e1ab97ce403110664 -> 
  custom:video-codec-MediaFoundation-h265: 746d11721c4dcdbdad8f713fa42b33f4 -> 
  custom:video-decoder-webm-vp8: 9c59270c3fd7afecdb556c50c9e8de78 -> 
  custom:audio-decoder-ogg-vorbis: bf7c407c2cedff20999df2af8eb42d56 -> 
  custom:audio-encoder-webm-vorbis: bf7c407c2cedff20999df2af8eb42d56 -> 
========================================================================
Received Import Request.
  path: Assets/音效堆/系統/暫停.wav
  artifactKey: Guid(d9857f28c25e0d94e9d5e050fa6a5f67) Importer(815301076,1909f56bfc062723c751e8b465ee728b)
Start importing Assets/音效堆/系統/暫停.wav using Guid(d9857f28c25e0d94e9d5e050fa6a5f67) Importer(815301076,1909f56bfc062723c751e8b465ee728b)  -> (artifact id: 'a27fc575f2f22a91c1651f6186cb5709') in 0.093489 seconds 
========================================================================
Received Import Request.
  Time since last request: 0.000249 seconds.
  path: Assets/音效堆/系統/暫停取消.wav
  artifactKey: Guid(74004bfa23d04ed48baa901c142298e4) Importer(815301076,1909f56bfc062723c751e8b465ee728b)
Start importing Assets/音效堆/系統/暫停取消.wav using Guid(74004bfa23d04ed48baa901c142298e4) Importer(815301076,1909f56bfc062723c751e8b465ee728b)  -> (artifact id: 'e089bf63cfb72c0ef2d24baf0d36a1d4') in 0.022578 seconds 
========================================================================
Received Import Request.
  Time since last request: 0.000229 seconds.
  path: Assets/音效堆/系統/點擊(遊戲開始).wav
  artifactKey: Guid(7fbc04ac4c2294b4f802b16c72bb54c2) Importer(815301076,1909f56bfc062723c751e8b465ee728b)
Start importing Assets/音效堆/系統/點擊(遊戲開始).wav using Guid(7fbc04ac4c2294b4f802b16c72bb54c2) Importer(815301076,1909f56bfc062723c751e8b465ee728b)  -> (artifact id: '7ec0582573d9eba021b054c360eb6393') in 0.020780 seconds 
========================================================================
Received Import Request.
  Time since last request: 0.000258 seconds.
  path: Assets/音效堆/系統/選擇.mp3
  artifactKey: Guid(14c3315633b9ddf4cbde87626abfd1a5) Importer(815301076,1909f56bfc062723c751e8b465ee728b)
Start importing Assets/音效堆/系統/選擇.mp3 using Guid(14c3315633b9ddf4cbde87626abfd1a5) Importer(815301076,1909f56bfc062723c751e8b465ee728b)  -> (artifact id: '015cb1a9671c558137951aaee18b8cf3') in 0.027988 seconds 
========================================================================
Received Import Request.
  Time since last request: 6.931239 seconds.
  path: Assets/素材/成就/已完成-removebg-preview.png
  artifactKey: Guid(2f40bb5306d30164da4e3e1a1d075e57) Importer(815301076,1909f56bfc062723c751e8b465ee728b)
Start importing Assets/素材/成就/已完成-removebg-preview.png using Guid(2f40bb5306d30164da4e3e1a1d075e57) Importer(815301076,1909f56bfc062723c751e8b465ee728b)  -> (artifact id: '461a5595d0add69da3b951430c8641fe') in 0.026590 seconds 
========================================================================
Received Import Request.
  Time since last request: 0.000186 seconds.
  path: Assets/素材/成就/未完成-removebg-preview.png
  artifactKey: Guid(a82df4d532620ce44841ed63d878980d) Importer(815301076,1909f56bfc062723c751e8b465ee728b)
Start importing Assets/素材/成就/未完成-removebg-preview.png using Guid(a82df4d532620ce44841ed63d878980d) Importer(815301076,1909f56bfc062723c751e8b465ee728b)  -> (artifact id: '29de3f6300cd521ac215537349c66c89') in 0.014881 seconds 
========================================================================
Received Import Request.
  Time since last request: 8.924901 seconds.
  path: Assets/素材/成就/已完成-removebg-preview.png
  artifactKey: Guid(2f40bb5306d30164da4e3e1a1d075e57) Importer(815301076,1909f56bfc062723c751e8b465ee728b)
Start importing Assets/素材/成就/已完成-removebg-preview.png using Guid(2f40bb5306d30164da4e3e1a1d075e57) Importer(815301076,1909f56bfc062723c751e8b465ee728b)  -> (artifact id: '6416b8c18e0b358f6b2bc0f7c46a7332') in 0.024490 seconds 
========================================================================
Received Import Request.
  Time since last request: 0.000193 seconds.
  path: Assets/素材/成就/未完成-removebg-preview.png
  artifactKey: Guid(a82df4d532620ce44841ed63d878980d) Importer(815301076,1909f56bfc062723c751e8b465ee728b)
Start importing Assets/素材/成就/未完成-removebg-preview.png using Guid(a82df4d532620ce44841ed63d878980d) Importer(815301076,1909f56bfc062723c751e8b465ee728b)  -> (artifact id: '4578114dee34959b6938f64699aa4ca2') in 0.020882 seconds 
========================================================================
Received Import Request.
  Time since last request: 436.334543 seconds.
  path: Assets/素材/物品/Bonus Big.png
  artifactKey: Guid(2af01d5d80658d144ba3ba171efc207a) Importer(815301076,1909f56bfc062723c751e8b465ee728b)
Start importing Assets/素材/物品/Bonus Big.png using Guid(2af01d5d80658d144ba3ba171efc207a) Importer(815301076,1909f56bfc062723c751e8b465ee728b)  -> (artifact id: '543c7ce123069d9b8d186b109b88b207') in 0.036843 seconds 
========================================================================
Received Import Request.
  Time since last request: 0.000209 seconds.
  path: Assets/素材/物品/Bonus heart (broke).png
  artifactKey: Guid(e447ca60c62820d499f3cd1457147b33) Importer(815301076,1909f56bfc062723c751e8b465ee728b)
Start importing Assets/素材/物品/Bonus heart (broke).png using Guid(e447ca60c62820d499f3cd1457147b33) Importer(815301076,1909f56bfc062723c751e8b465ee728b)  -> (artifact id: '0ade0283d9ea52b2d6db59aa4c922ad4') in 0.036417 seconds 
========================================================================
Received Import Request.
  Time since last request: 0.000338 seconds.
  path: Assets/素材/物品/Bonus mid.png
  artifactKey: Guid(edb2c7a3242d7324e87a7ee338e5fce8) Importer(815301076,1909f56bfc062723c751e8b465ee728b)
Start importing Assets/素材/物品/Bonus mid.png using Guid(edb2c7a3242d7324e87a7ee338e5fce8) Importer(815301076,1909f56bfc062723c751e8b465ee728b)  -> (artifact id: '8bf95b43c6d7c65bb92606c4abb5d9ff') in 0.028082 seconds 
========================================================================
Received Import Request.
  Time since last request: 0.000358 seconds.
  path: Assets/素材/物品/Bonus small.png
  artifactKey: Guid(dc46f2bdda076bf479db2d18c5f47ca8) Importer(815301076,1909f56bfc062723c751e8b465ee728b)
Start importing Assets/素材/物品/Bonus small.png using Guid(dc46f2bdda076bf479db2d18c5f47ca8) Importer(815301076,1909f56bfc062723c751e8b465ee728b)  -> (artifact id: 'f79d5efb5878c1b75b05d89482e99387') in 0.025594 seconds 
========================================================================
Received Import Request.
  Time since last request: 0.000264 seconds.
  path: Assets/素材/物品/Bonus heart.png
  artifactKey: Guid(65520c83c170dc14c872932c52d7b5c9) Importer(815301076,1909f56bfc062723c751e8b465ee728b)
Start importing Assets/素材/物品/Bonus heart.png using Guid(65520c83c170dc14c872932c52d7b5c9) Importer(815301076,1909f56bfc062723c751e8b465ee728b)  -> (artifact id: '7bd8a509091f6d62f2bcbebac91514e8') in 0.026261 seconds 
========================================================================
Received Import Request.
  Time since last request: 0.000227 seconds.
  path: Assets/素材/物品/Bonus WM ver.3.png
  artifactKey: Guid(59267af765d6acd4e957fef95509c0e5) Importer(815301076,1909f56bfc062723c751e8b465ee728b)
Start importing Assets/素材/物品/Bonus WM ver.3.png using Guid(59267af765d6acd4e957fef95509c0e5) Importer(815301076,1909f56bfc062723c751e8b465ee728b)  -> (artifact id: 'f460d7b37e02192b2484e1458220dd56') in 0.031543 seconds 
========================================================================
Received Import Request.
  Time since last request: 0.000201 seconds.
  path: Assets/素材/物品/Bonus power 1.png
  artifactKey: Guid(98b32841a307dc34aac3f76f24bb3f9b) Importer(815301076,1909f56bfc062723c751e8b465ee728b)
Start importing Assets/素材/物品/Bonus power 1.png using Guid(98b32841a307dc34aac3f76f24bb3f9b) Importer(815301076,1909f56bfc062723c751e8b465ee728b)  -> (artifact id: '6a3675930d25746aafd131f21b5999c4') in 0.023354 seconds 
========================================================================
Received Prepare
Registering precompiled user dll's ...
Registered in 0.013128 seconds.
Begin MonoManager ReloadAssembly
Native extension for WindowsStandalone target not found
Refreshing native plugins compatible for Editor in 1.02 ms, found 4 plugins.
Preloading 0 native plugins for Editor in 0.00 ms.
Mono: successfully reloaded assembly
- Completed reload, in  0.994 seconds
Domain Reload Profiling:
	ReloadAssembly (994ms)
		BeginReloadAssembly (110ms)
			ExecutionOrderSort (0ms)
			DisableScriptedObjects (4ms)
			BackupInstance (0ms)
			ReleaseScriptingObjects (0ms)
			CreateAndSetChildDomain (40ms)
		EndReloadAssembly (837ms)
			LoadAssemblies (88ms)
			RebuildTransferFunctionScriptingTraits (0ms)
			SetupTypeCache (240ms)
			ReleaseScriptCaches (2ms)
			RebuildScriptCaches (33ms)
			SetupLoadedEditorAssemblies (405ms)
				LogAssemblyErrors (0ms)
				InitializePlatformSupportModulesInManaged (3ms)
				SetLoadedEditorAssemblies (0ms)
				RefreshPlugins (1ms)
				BeforeProcessingInitializeOnLoad (78ms)
				ProcessInitializeOnLoadAttributes (274ms)
				ProcessInitializeOnLoadMethodAttributes (44ms)
				AfterProcessingInitializeOnLoad (4ms)
				EditorAssembliesLoaded (0ms)
			ExecutionOrderSort2 (0ms)
			AwakeInstancesAfterBackupRestoration (9ms)
Platform modules already initialized, skipping
Refreshing native plugins compatible for Editor in 1.09 ms, found 4 plugins.
Preloading 0 native plugins for Editor in 0.00 ms.
Unloading 3880 Unused Serialized files (Serialized files now loaded: 0)
System memory in use before: 157.2 MB.
System memory in use after: 157.5 MB.

Unloading 70 unused Assets to reduce memory usage. Loaded Objects now: 4411.
Total: 5.210600 ms (FindLiveObjects: 0.213900 ms CreateObjectMapping: 0.098400 ms MarkObjects: 4.856500 ms  DeleteObjects: 0.040500 ms)

AssetImportParameters requested are different than current active one (requested -> active):
  custom:framework-win-MediaFoundation: 216162199b28c13a410421893ffa2e32 -> 
  custom:video-decoder-ogg-theora: a1e56fd34408186e4bbccfd4996cb3dc -> 
  custom:container-muxer-webm: aa71ff27fc2769a1b78a27578f13a17b -> 
  custom:container-demuxer-webm: 4f35f7cbe854078d1ac9338744f61a02 -> 
  custom:container-demuxer-ogg: 62fdf1f143b41e24485cea50d1cbac27 -> 
  custom:video-encoder-webm-vp8: eb34c28f22e8b96e1ab97ce403110664 -> 
  custom:video-codec-MediaFoundation-h265: 746d11721c4dcdbdad8f713fa42b33f4 -> 
  custom:video-decoder-webm-vp8: 9c59270c3fd7afecdb556c50c9e8de78 -> 
  custom:audio-decoder-ogg-vorbis: bf7c407c2cedff20999df2af8eb42d56 -> 
  custom:audio-encoder-webm-vorbis: bf7c407c2cedff20999df2af8eb42d56 -> 
========================================================================
Received Prepare
Registering precompiled user dll's ...
Registered in 0.005216 seconds.
Begin MonoManager ReloadAssembly
Native extension for WindowsStandalone target not found
Refreshing native plugins compatible for Editor in 1.04 ms, found 4 plugins.
Preloading 0 native plugins for Editor in 0.00 ms.
Mono: successfully reloaded assembly
- Completed reload, in  1.252 seconds
Domain Reload Profiling:
	ReloadAssembly (1252ms)
		BeginReloadAssembly (174ms)
			ExecutionOrderSort (0ms)
			DisableScriptedObjects (4ms)
			BackupInstance (0ms)
			ReleaseScriptingObjects (0ms)
			CreateAndSetChildDomain (82ms)
		EndReloadAssembly (1024ms)
			LoadAssemblies (103ms)
			RebuildTransferFunctionScriptingTraits (0ms)
			SetupTypeCache (273ms)
			ReleaseScriptCaches (5ms)
			RebuildScriptCaches (53ms)
			SetupLoadedEditorAssemblies (495ms)
				LogAssemblyErrors (0ms)
				InitializePlatformSupportModulesInManaged (3ms)
				SetLoadedEditorAssemblies (0ms)
				RefreshPlugins (1ms)
				BeforeProcessingInitializeOnLoad (118ms)
				ProcessInitializeOnLoadAttributes (318ms)
				ProcessInitializeOnLoadMethodAttributes (52ms)
				AfterProcessingInitializeOnLoad (4ms)
				EditorAssembliesLoaded (0ms)
			ExecutionOrderSort2 (0ms)
			AwakeInstancesAfterBackupRestoration (9ms)
Platform modules already initialized, skipping
Refreshing native plugins compatible for Editor in 1.12 ms, found 4 plugins.
Preloading 0 native plugins for Editor in 0.00 ms.
Unloading 3880 Unused Serialized files (Serialized files now loaded: 0)
System memory in use before: 157.3 MB.
System memory in use after: 157.5 MB.

Unloading 70 unused Assets to reduce memory usage. Loaded Objects now: 4414.
Total: 5.255200 ms (FindLiveObjects: 0.258800 ms CreateObjectMapping: 0.097000 ms MarkObjects: 4.842100 ms  DeleteObjects: 0.056100 ms)

AssetImportParameters requested are different than current active one (requested -> active):
  custom:framework-win-MediaFoundation: 216162199b28c13a410421893ffa2e32 -> 
  custom:video-decoder-ogg-theora: a1e56fd34408186e4bbccfd4996cb3dc -> 
  custom:container-muxer-webm: aa71ff27fc2769a1b78a27578f13a17b -> 
  custom:container-demuxer-webm: 4f35f7cbe854078d1ac9338744f61a02 -> 
  custom:container-demuxer-ogg: 62fdf1f143b41e24485cea50d1cbac27 -> 
  custom:video-encoder-webm-vp8: eb34c28f22e8b96e1ab97ce403110664 -> 
  custom:video-codec-MediaFoundation-h265: 746d11721c4dcdbdad8f713fa42b33f4 -> 
  custom:video-decoder-webm-vp8: 9c59270c3fd7afecdb556c50c9e8de78 -> 
  custom:audio-decoder-ogg-vorbis: bf7c407c2cedff20999df2af8eb42d56 -> 
  custom:audio-encoder-webm-vorbis: bf7c407c2cedff20999df2af8eb42d56 -> 
AssetImportWorkerClient::OnTransportError - code=2 error=End of file
