Using pre-set license
Built from '2020.3/staging' branch; Version is '2020.3.33f1 (915a7af8b0d5) revision 9525882'; Using compiler version '192528614'; Build Type 'Release'
OS: 'Windows 11  (10.0.22631) 64bit Core' Language: 'zh' Physical Memory: 7893 MB
BatchMode: 1, IsHumanControllingUs: 0, StartBugReporterOnCrash: 0, Is64bit: 1, IsPro: 0

COMMAND LINE ARGUMENTS:
C:\Program Files\Unity\Hub\Editor\2020.3.33f1\Editor\Unity.exe
-adb2
-batchMode
-noUpm
-name
AssetImportWorker1
-projectPath
C:/Users/owenb/Desktop/ShatteredRainbow
-logFile
Logs/AssetImportWorker1.log
-srvPort
56044
Successfully changed project path to: C:/Users/owenb/Desktop/ShatteredRainbow
C:/Users/owenb/Desktop/ShatteredRainbow
Using Asset Import Pipeline V2.
Refreshing native plugins compatible for Editor in 109.94 ms, found 4 plugins.
Preloading 0 native plugins for Editor in 0.00 ms.
Initialize engine version: 2020.3.33f1 (915a7af8b0d5)
[Subsystems] Discovering subsystems at path C:/Program Files/Unity/Hub/Editor/2020.3.33f1/Editor/Data/Resources/UnitySubsystems
[Subsystems] Discovering subsystems at path C:/Users/owenb/Desktop/ShatteredRainbow/Assets
GfxDevice: creating device client; threaded=0
Direct3D:
    Version:  Direct3D 11.0 [level 11.1]
    Renderer: NVIDIA GeForce RTX 3050 Laptop GPU (ID=0x25a2)
    Vendor:   
    VRAM:     3965 MB
    Driver:   32.0.15.5599
Initialize mono
Mono path[0] = 'C:/Program Files/Unity/Hub/Editor/2020.3.33f1/Editor/Data/Managed'
Mono path[1] = 'C:/Program Files/Unity/Hub/Editor/2020.3.33f1/Editor/Data/MonoBleedingEdge/lib/mono/unityjit'
Mono config path = 'C:/Program Files/Unity/Hub/Editor/2020.3.33f1/Editor/Data/MonoBleedingEdge/etc'
Using monoOptions --debugger-agent=transport=dt_socket,embedding=1,server=y,suspend=n,address=127.0.0.1:56092
Begin MonoManager ReloadAssembly
Registering precompiled unity dll's ...
Register platform support module: C:/Program Files/Unity/Hub/Editor/2020.3.33f1/Editor/Data/PlaybackEngines/WindowsStandaloneSupport/UnityEditor.WindowsStandalone.Extensions.dll
Registered in 0.002457 seconds.
Native extension for WindowsStandalone target not found
Refreshing native plugins compatible for Editor in 71.65 ms, found 4 plugins.
Preloading 0 native plugins for Editor in 0.00 ms.
Mono: successfully reloaded assembly
- Completed reload, in  0.537 seconds
Domain Reload Profiling:
	ReloadAssembly (537ms)
		BeginReloadAssembly (91ms)
			ExecutionOrderSort (0ms)
			DisableScriptedObjects (0ms)
			BackupInstance (0ms)
			ReleaseScriptingObjects (0ms)
			CreateAndSetChildDomain (1ms)
		EndReloadAssembly (388ms)
			LoadAssemblies (89ms)
			RebuildTransferFunctionScriptingTraits (0ms)
			SetupTypeCache (104ms)
			ReleaseScriptCaches (0ms)
			RebuildScriptCaches (21ms)
			SetupLoadedEditorAssemblies (190ms)
				LogAssemblyErrors (0ms)
				InitializePlatformSupportModulesInManaged (4ms)
				SetLoadedEditorAssemblies (0ms)
				RefreshPlugins (72ms)
				BeforeProcessingInitializeOnLoad (10ms)
				ProcessInitializeOnLoadAttributes (83ms)
				ProcessInitializeOnLoadMethodAttributes (22ms)
				AfterProcessingInitializeOnLoad (0ms)
				EditorAssembliesLoaded (0ms)
			ExecutionOrderSort2 (0ms)
			AwakeInstancesAfterBackupRestoration (0ms)
Platform modules already initialized, skipping
Registering precompiled user dll's ...
Registered in 0.017641 seconds.
Begin MonoManager ReloadAssembly
Native extension for WindowsStandalone target not found
Refreshing native plugins compatible for Editor in 121.83 ms, found 4 plugins.
Preloading 0 native plugins for Editor in 0.00 ms.
Mono: successfully reloaded assembly
- Completed reload, in  3.450 seconds
Domain Reload Profiling:
	ReloadAssembly (3458ms)
		BeginReloadAssembly (105ms)
			ExecutionOrderSort (0ms)
			DisableScriptedObjects (3ms)
			BackupInstance (0ms)
			ReleaseScriptingObjects (0ms)
			CreateAndSetChildDomain (15ms)
		EndReloadAssembly (3309ms)
			LoadAssemblies (1186ms)
			RebuildTransferFunctionScriptingTraits (0ms)
			SetupTypeCache (360ms)
			ReleaseScriptCaches (1ms)
			RebuildScriptCaches (62ms)
			SetupLoadedEditorAssemblies (1578ms)
				LogAssemblyErrors (0ms)
				InitializePlatformSupportModulesInManaged (3ms)
				SetLoadedEditorAssemblies (0ms)
				RefreshPlugins (122ms)
				BeforeProcessingInitializeOnLoad (123ms)
				ProcessInitializeOnLoadAttributes (405ms)
				ProcessInitializeOnLoadMethodAttributes (922ms)
				AfterProcessingInitializeOnLoad (4ms)
				EditorAssembliesLoaded (0ms)
			ExecutionOrderSort2 (0ms)
			AwakeInstancesAfterBackupRestoration (4ms)
Platform modules already initialized, skipping
========================================================================
Worker process is ready to serve import requests
Launched and connected shader compiler UnityShaderCompiler.exe after 0.08 seconds
Refreshing native plugins compatible for Editor in 0.97 ms, found 4 plugins.
Preloading 0 native plugins for Editor in 0.00 ms.
Unloading 3997 Unused Serialized files (Serialized files now loaded: 0)
System memory in use before: 161.7 MB.
System memory in use after: 161.9 MB.

Unloading 82 unused Assets to reduce memory usage. Loaded Objects now: 4383.
Total: 7.357400 ms (FindLiveObjects: 0.218000 ms CreateObjectMapping: 0.124500 ms MarkObjects: 6.901700 ms  DeleteObjects: 0.112000 ms)

AssetImportParameters requested are different than current active one (requested -> active):
  custom:framework-win-MediaFoundation: 216162199b28c13a410421893ffa2e32 -> 
  custom:video-decoder-ogg-theora: a1e56fd34408186e4bbccfd4996cb3dc -> 
  custom:container-muxer-webm: aa71ff27fc2769a1b78a27578f13a17b -> 
  custom:container-demuxer-webm: 4f35f7cbe854078d1ac9338744f61a02 -> 
  custom:container-demuxer-ogg: 62fdf1f143b41e24485cea50d1cbac27 -> 
  custom:video-encoder-webm-vp8: eb34c28f22e8b96e1ab97ce403110664 -> 
  custom:video-codec-MediaFoundation-h265: 746d11721c4dcdbdad8f713fa42b33f4 -> 
  custom:video-decoder-webm-vp8: 9c59270c3fd7afecdb556c50c9e8de78 -> 
  custom:audio-decoder-ogg-vorbis: bf7c407c2cedff20999df2af8eb42d56 -> 
  custom:audio-encoder-webm-vorbis: bf7c407c2cedff20999df2af8eb42d56 -> 
========================================================================
Received Import Request.
  path: Assets/Scripts/Bullet/Bomb.cs
  artifactKey: Guid(6a3ca6feafacde34586b75fbc6a8165d) Importer(815301076,1909f56bfc062723c751e8b465ee728b)
Start importing Assets/Scripts/Bullet/Bomb.cs using Guid(6a3ca6feafacde34586b75fbc6a8165d) Importer(815301076,1909f56bfc062723c751e8b465ee728b)  -> (artifact id: '63338ae6b9f2f3f6cc6cb9c159726b1b') in 0.080402 seconds 
========================================================================
Received Import Request.
  Time since last request: 4521.161651 seconds.
  path: Assets/Prefab/Bullet/Player/BigBall.prefab
  artifactKey: Guid(685b1134900aeb741bca648bf0f2743e) Importer(815301076,1909f56bfc062723c751e8b465ee728b)
Start importing Assets/Prefab/Bullet/Player/BigBall.prefab using Guid(685b1134900aeb741bca648bf0f2743e) Importer(815301076,1909f56bfc062723c751e8b465ee728b)  -> (artifact id: '3aa4e05dc67ad76bb49497e2ef7211f6') in 0.366622 seconds 
========================================================================
Received Import Request.
  Time since last request: 0.000321 seconds.
  path: Assets/Prefab/Bullet/Player/PlayerBullet_other Variant.prefab
  artifactKey: Guid(e78007f552ecf214199907ff5d42d79a) Importer(815301076,1909f56bfc062723c751e8b465ee728b)
Start importing Assets/Prefab/Bullet/Player/PlayerBullet_other Variant.prefab using Guid(e78007f552ecf214199907ff5d42d79a) Importer(815301076,1909f56bfc062723c751e8b465ee728b)  -> (artifact id: 'd807c2681263b5032ae802bf3d69ea71') in 0.039271 seconds 
========================================================================
Received Import Request.
  Time since last request: 0.000216 seconds.
  path: Assets/Prefab/Bullet/Player/PlayerBullet.prefab
  artifactKey: Guid(d79622f8978019849932707a01fedae2) Importer(815301076,1909f56bfc062723c751e8b465ee728b)
Start importing Assets/Prefab/Bullet/Player/PlayerBullet.prefab using Guid(d79622f8978019849932707a01fedae2) Importer(815301076,1909f56bfc062723c751e8b465ee728b)  -> (artifact id: 'ebdcc877d2c87a3e0a17b8a5990292e3') in 0.025618 seconds 
========================================================================
Received Import Request.
  Time since last request: 103.504407 seconds.
  path: Assets/Prefab/Bullet/Player/LazerMain 1.prefab
  artifactKey: Guid(9f340a94d8e1a4e4780f3db1b2845ce8) Importer(815301076,1909f56bfc062723c751e8b465ee728b)
Start importing Assets/Prefab/Bullet/Player/LazerMain 1.prefab using Guid(9f340a94d8e1a4e4780f3db1b2845ce8) Importer(815301076,1909f56bfc062723c751e8b465ee728b)  -> (artifact id: '2e6b70e46052554cc7d102ad0a844951') in 0.017799 seconds 
========================================================================
Received Import Request.
  Time since last request: 11.909924 seconds.
  path: Assets/Prefab/Bullet/Player/LazerEnemy.prefab
  artifactKey: Guid(9f340a94d8e1a4e4780f3db1b2845ce8) Importer(815301076,1909f56bfc062723c751e8b465ee728b)
Start importing Assets/Prefab/Bullet/Player/LazerEnemy.prefab using Guid(9f340a94d8e1a4e4780f3db1b2845ce8) Importer(815301076,1909f56bfc062723c751e8b465ee728b)  -> (artifact id: '2b0214fbf56f2ecd5f741035375e1d73') in 0.017049 seconds 
========================================================================
Received Import Request.
  Time since last request: 46.819899 seconds.
  path: Assets/Prefab/Bullet/Enemy/LazerEnemy.prefab
  artifactKey: Guid(9f340a94d8e1a4e4780f3db1b2845ce8) Importer(815301076,1909f56bfc062723c751e8b465ee728b)
Start importing Assets/Prefab/Bullet/Enemy/LazerEnemy.prefab using Guid(9f340a94d8e1a4e4780f3db1b2845ce8) Importer(815301076,1909f56bfc062723c751e8b465ee728b)  -> (artifact id: 'b7bf99c994486cd061fdd3158ada8a82') in 0.024143 seconds 
========================================================================
Received Prepare
Registering precompiled user dll's ...
Registered in 0.013045 seconds.
Begin MonoManager ReloadAssembly
Native extension for WindowsStandalone target not found
Refreshing native plugins compatible for Editor in 1.17 ms, found 4 plugins.
Preloading 0 native plugins for Editor in 0.00 ms.
Mono: successfully reloaded assembly
- Completed reload, in  1.407 seconds
Domain Reload Profiling:
	ReloadAssembly (1408ms)
		BeginReloadAssembly (363ms)
			ExecutionOrderSort (0ms)
			DisableScriptedObjects (22ms)
			BackupInstance (0ms)
			ReleaseScriptingObjects (0ms)
			CreateAndSetChildDomain (221ms)
		EndReloadAssembly (996ms)
			LoadAssemblies (119ms)
			RebuildTransferFunctionScriptingTraits (0ms)
			SetupTypeCache (271ms)
			ReleaseScriptCaches (2ms)
			RebuildScriptCaches (40ms)
			SetupLoadedEditorAssemblies (481ms)
				LogAssemblyErrors (0ms)
				InitializePlatformSupportModulesInManaged (3ms)
				SetLoadedEditorAssemblies (1ms)
				RefreshPlugins (1ms)
				BeforeProcessingInitializeOnLoad (128ms)
				ProcessInitializeOnLoadAttributes (295ms)
				ProcessInitializeOnLoadMethodAttributes (47ms)
				AfterProcessingInitializeOnLoad (4ms)
				EditorAssembliesLoaded (0ms)
			ExecutionOrderSort2 (0ms)
			AwakeInstancesAfterBackupRestoration (13ms)
Platform modules already initialized, skipping
Refreshing native plugins compatible for Editor in 1.04 ms, found 4 plugins.
Preloading 0 native plugins for Editor in 0.00 ms.
Unloading 3880 Unused Serialized files (Serialized files now loaded: 0)
System memory in use before: 159.0 MB.
System memory in use after: 159.3 MB.

Unloading 71 unused Assets to reduce memory usage. Loaded Objects now: 4431.
Total: 6.430600 ms (FindLiveObjects: 0.230900 ms CreateObjectMapping: 0.115700 ms MarkObjects: 6.036000 ms  DeleteObjects: 0.046700 ms)

AssetImportParameters requested are different than current active one (requested -> active):
  custom:framework-win-MediaFoundation: 216162199b28c13a410421893ffa2e32 -> 
  custom:video-decoder-ogg-theora: a1e56fd34408186e4bbccfd4996cb3dc -> 
  custom:container-muxer-webm: aa71ff27fc2769a1b78a27578f13a17b -> 
  custom:container-demuxer-webm: 4f35f7cbe854078d1ac9338744f61a02 -> 
  custom:container-demuxer-ogg: 62fdf1f143b41e24485cea50d1cbac27 -> 
  custom:video-encoder-webm-vp8: eb34c28f22e8b96e1ab97ce403110664 -> 
  custom:video-codec-MediaFoundation-h265: 746d11721c4dcdbdad8f713fa42b33f4 -> 
  custom:video-decoder-webm-vp8: 9c59270c3fd7afecdb556c50c9e8de78 -> 
  custom:audio-decoder-ogg-vorbis: bf7c407c2cedff20999df2af8eb42d56 -> 
  custom:audio-encoder-webm-vorbis: bf7c407c2cedff20999df2af8eb42d56 -> 
========================================================================
Received Import Request.
  Time since last request: 587.071364 seconds.
  path: Assets/Prefab/Bullet/Enemy/LazerEnemy.prefab
  artifactKey: Guid(9f340a94d8e1a4e4780f3db1b2845ce8) Importer(815301076,1909f56bfc062723c751e8b465ee728b)
Start importing Assets/Prefab/Bullet/Enemy/LazerEnemy.prefab using Guid(9f340a94d8e1a4e4780f3db1b2845ce8) Importer(815301076,1909f56bfc062723c751e8b465ee728b)  -> (artifact id: '43ef5ad04a635d5faccb0ab4c59bc9a4') in 0.129122 seconds 
========================================================================
Received Import Request.
  Time since last request: 4.287709 seconds.
  path: Assets/Prefab/Bullet/Enemy/LazerEnemy.prefab
  artifactKey: Guid(9f340a94d8e1a4e4780f3db1b2845ce8) Importer(815301076,1909f56bfc062723c751e8b465ee728b)
Start importing Assets/Prefab/Bullet/Enemy/LazerEnemy.prefab using Guid(9f340a94d8e1a4e4780f3db1b2845ce8) Importer(815301076,1909f56bfc062723c751e8b465ee728b)  -> (artifact id: '3780c3ded0ab91e6a66cd1820ee3aa09') in 0.011245 seconds 
========================================================================
Received Import Request.
  Time since last request: 1.399365 seconds.
  path: Assets/Prefab/Bullet/Enemy/LazerEnemy.prefab
  artifactKey: Guid(9f340a94d8e1a4e4780f3db1b2845ce8) Importer(815301076,1909f56bfc062723c751e8b465ee728b)
Start importing Assets/Prefab/Bullet/Enemy/LazerEnemy.prefab using Guid(9f340a94d8e1a4e4780f3db1b2845ce8) Importer(815301076,1909f56bfc062723c751e8b465ee728b)  -> (artifact id: '2f5e14460bc1e141788e1b6dc12016c4') in 0.013194 seconds 
========================================================================
Received Prepare
Registering precompiled user dll's ...
Registered in 0.005126 seconds.
Begin MonoManager ReloadAssembly
Native extension for WindowsStandalone target not found
Refreshing native plugins compatible for Editor in 1.00 ms, found 4 plugins.
Preloading 0 native plugins for Editor in 0.00 ms.
Mono: successfully reloaded assembly
- Completed reload, in  1.154 seconds
Domain Reload Profiling:
	ReloadAssembly (1154ms)
		BeginReloadAssembly (138ms)
			ExecutionOrderSort (0ms)
			DisableScriptedObjects (9ms)
			BackupInstance (0ms)
			ReleaseScriptingObjects (0ms)
			CreateAndSetChildDomain (40ms)
		EndReloadAssembly (951ms)
			LoadAssemblies (102ms)
			RebuildTransferFunctionScriptingTraits (0ms)
			SetupTypeCache (227ms)
			ReleaseScriptCaches (2ms)
			RebuildScriptCaches (58ms)
			SetupLoadedEditorAssemblies (473ms)
				LogAssemblyErrors (0ms)
				InitializePlatformSupportModulesInManaged (3ms)
				SetLoadedEditorAssemblies (0ms)
				RefreshPlugins (1ms)
				BeforeProcessingInitializeOnLoad (129ms)
				ProcessInitializeOnLoadAttributes (294ms)
				ProcessInitializeOnLoadMethodAttributes (42ms)
				AfterProcessingInitializeOnLoad (4ms)
				EditorAssembliesLoaded (0ms)
			ExecutionOrderSort2 (0ms)
			AwakeInstancesAfterBackupRestoration (17ms)
Platform modules already initialized, skipping
Refreshing native plugins compatible for Editor in 1.03 ms, found 4 plugins.
Preloading 0 native plugins for Editor in 0.00 ms.
Unloading 3880 Unused Serialized files (Serialized files now loaded: 0)
System memory in use before: 159.2 MB.
System memory in use after: 159.5 MB.

Unloading 71 unused Assets to reduce memory usage. Loaded Objects now: 4470.
Total: 5.253800 ms (FindLiveObjects: 0.221300 ms CreateObjectMapping: 0.093900 ms MarkObjects: 4.885900 ms  DeleteObjects: 0.051900 ms)

AssetImportParameters requested are different than current active one (requested -> active):
  custom:framework-win-MediaFoundation: 216162199b28c13a410421893ffa2e32 -> 
  custom:video-decoder-ogg-theora: a1e56fd34408186e4bbccfd4996cb3dc -> 
  custom:container-muxer-webm: aa71ff27fc2769a1b78a27578f13a17b -> 
  custom:container-demuxer-webm: 4f35f7cbe854078d1ac9338744f61a02 -> 
  custom:container-demuxer-ogg: 62fdf1f143b41e24485cea50d1cbac27 -> 
  custom:video-encoder-webm-vp8: eb34c28f22e8b96e1ab97ce403110664 -> 
  custom:video-codec-MediaFoundation-h265: 746d11721c4dcdbdad8f713fa42b33f4 -> 
  custom:video-decoder-webm-vp8: 9c59270c3fd7afecdb556c50c9e8de78 -> 
  custom:audio-decoder-ogg-vorbis: bf7c407c2cedff20999df2af8eb42d56 -> 
  custom:audio-encoder-webm-vorbis: bf7c407c2cedff20999df2af8eb42d56 -> 
========================================================================
Received Prepare
Registering precompiled user dll's ...
Registered in 0.009718 seconds.
Begin MonoManager ReloadAssembly
Native extension for WindowsStandalone target not found
Refreshing native plugins compatible for Editor in 1.57 ms, found 4 plugins.
Preloading 0 native plugins for Editor in 0.00 ms.
Mono: successfully reloaded assembly
- Completed reload, in  1.379 seconds
Domain Reload Profiling:
	ReloadAssembly (1381ms)
		BeginReloadAssembly (235ms)
			ExecutionOrderSort (0ms)
			DisableScriptedObjects (27ms)
			BackupInstance (0ms)
			ReleaseScriptingObjects (0ms)
			CreateAndSetChildDomain (99ms)
		EndReloadAssembly (1097ms)
			LoadAssemblies (119ms)
			RebuildTransferFunctionScriptingTraits (0ms)
			SetupTypeCache (251ms)
			ReleaseScriptCaches (2ms)
			RebuildScriptCaches (36ms)
			SetupLoadedEditorAssemblies (511ms)
				LogAssemblyErrors (0ms)
				InitializePlatformSupportModulesInManaged (6ms)
				SetLoadedEditorAssemblies (2ms)
				RefreshPlugins (2ms)
				BeforeProcessingInitializeOnLoad (159ms)
				ProcessInitializeOnLoadAttributes (294ms)
				ProcessInitializeOnLoadMethodAttributes (44ms)
				AfterProcessingInitializeOnLoad (4ms)
				EditorAssembliesLoaded (0ms)
			ExecutionOrderSort2 (0ms)
			AwakeInstancesAfterBackupRestoration (15ms)
Platform modules already initialized, skipping
Refreshing native plugins compatible for Editor in 1.06 ms, found 4 plugins.
Preloading 0 native plugins for Editor in 0.00 ms.
Unloading 3880 Unused Serialized files (Serialized files now loaded: 0)
System memory in use before: 159.3 MB.
System memory in use after: 159.5 MB.

Unloading 71 unused Assets to reduce memory usage. Loaded Objects now: 4473.
Total: 8.308100 ms (FindLiveObjects: 0.221900 ms CreateObjectMapping: 0.083900 ms MarkObjects: 7.929600 ms  DeleteObjects: 0.071800 ms)

AssetImportParameters requested are different than current active one (requested -> active):
  custom:framework-win-MediaFoundation: 216162199b28c13a410421893ffa2e32 -> 
  custom:video-decoder-ogg-theora: a1e56fd34408186e4bbccfd4996cb3dc -> 
  custom:container-muxer-webm: aa71ff27fc2769a1b78a27578f13a17b -> 
  custom:container-demuxer-webm: 4f35f7cbe854078d1ac9338744f61a02 -> 
  custom:container-demuxer-ogg: 62fdf1f143b41e24485cea50d1cbac27 -> 
  custom:video-encoder-webm-vp8: eb34c28f22e8b96e1ab97ce403110664 -> 
  custom:video-codec-MediaFoundation-h265: 746d11721c4dcdbdad8f713fa42b33f4 -> 
  custom:video-decoder-webm-vp8: 9c59270c3fd7afecdb556c50c9e8de78 -> 
  custom:audio-decoder-ogg-vorbis: bf7c407c2cedff20999df2af8eb42d56 -> 
  custom:audio-encoder-webm-vorbis: bf7c407c2cedff20999df2af8eb42d56 -> 
========================================================================
Received Import Request.
  Time since last request: 726.488128 seconds.
  path: Assets/Prefab/Enemy/中boss/MiddleBoss1_1.prefab
  artifactKey: Guid(5819f60ce1731614e9de61af83dff287) Importer(815301076,1909f56bfc062723c751e8b465ee728b)
Start importing Assets/Prefab/Enemy/中boss/MiddleBoss1_1.prefab using Guid(5819f60ce1731614e9de61af83dff287) Importer(815301076,1909f56bfc062723c751e8b465ee728b)  -> (artifact id: '5f9041c84e4bc73c2d666c616dca0e47') in 0.320595 seconds 
========================================================================
Received Import Request.
  Time since last request: 0.000304 seconds.
  path: Assets/Prefab/Enemy/中boss/MiddleBoss3_1.prefab
  artifactKey: Guid(fd9dd82e3b0533b4db6683c4ab6b3e39) Importer(815301076,1909f56bfc062723c751e8b465ee728b)
Start importing Assets/Prefab/Enemy/中boss/MiddleBoss3_1.prefab using Guid(fd9dd82e3b0533b4db6683c4ab6b3e39) Importer(815301076,1909f56bfc062723c751e8b465ee728b)  -> (artifact id: '8ef2ab172ed04aa99ff899328db9ddd0') in 0.056757 seconds 
========================================================================
Received Import Request.
  Time since last request: 0.000179 seconds.
  path: Assets/Prefab/Enemy/中boss/MiddleBoss1_2.prefab
  artifactKey: Guid(14387512022b38a43b7017134219ed98) Importer(815301076,1909f56bfc062723c751e8b465ee728b)
Start importing Assets/Prefab/Enemy/中boss/MiddleBoss1_2.prefab using Guid(14387512022b38a43b7017134219ed98) Importer(815301076,1909f56bfc062723c751e8b465ee728b)  -> (artifact id: '809ac133da501129096ae93b3093970e') in 0.045408 seconds 
========================================================================
Received Import Request.
  Time since last request: 0.000255 seconds.
  path: Assets/Prefab/Enemy/中boss/MiddleBoss2_1.prefab
  artifactKey: Guid(38a58856c528bab4fb8b11404a7f888e) Importer(815301076,1909f56bfc062723c751e8b465ee728b)
Start importing Assets/Prefab/Enemy/中boss/MiddleBoss2_1.prefab using Guid(38a58856c528bab4fb8b11404a7f888e) Importer(815301076,1909f56bfc062723c751e8b465ee728b)  -> (artifact id: 'd5a270fc95703f5f57b25e3ddcbbe6fa') in 0.038737 seconds 
========================================================================
Received Import Request.
  Time since last request: 0.000258 seconds.
  path: Assets/Prefab/Enemy/中boss/MiddleBoss2_2.prefab
  artifactKey: Guid(c02d26ce5393ab245b7d90c7d1df43c2) Importer(815301076,1909f56bfc062723c751e8b465ee728b)
Start importing Assets/Prefab/Enemy/中boss/MiddleBoss2_2.prefab using Guid(c02d26ce5393ab245b7d90c7d1df43c2) Importer(815301076,1909f56bfc062723c751e8b465ee728b)  -> (artifact id: '99840928019e76350af62ff91934d59e') in 0.041553 seconds 
========================================================================
Received Import Request.
  Time since last request: 0.000221 seconds.
  path: Assets/Prefab/Enemy/中boss/MiddleBoss3_2.prefab
  artifactKey: Guid(7c117960fe9266844963c28379ed550d) Importer(815301076,1909f56bfc062723c751e8b465ee728b)
Start importing Assets/Prefab/Enemy/中boss/MiddleBoss3_2.prefab using Guid(7c117960fe9266844963c28379ed550d) Importer(815301076,1909f56bfc062723c751e8b465ee728b)  -> (artifact id: 'b909bef522650b8f2aa7542687f52f7b') in 0.040926 seconds 
========================================================================
Received Import Request.
  Time since last request: 11.783643 seconds.
  path: Assets/Prefab/Enemy/中boss/MiddleBoss1_1.prefab
  artifactKey: Guid(5819f60ce1731614e9de61af83dff287) Importer(815301076,1909f56bfc062723c751e8b465ee728b)
Start importing Assets/Prefab/Enemy/中boss/MiddleBoss1_1.prefab using Guid(5819f60ce1731614e9de61af83dff287) Importer(815301076,1909f56bfc062723c751e8b465ee728b)  -> (artifact id: 'd018aaf43795d835d30630f426f9eab3') in 0.029399 seconds 
========================================================================
Received Import Request.
  Time since last request: 27.753937 seconds.
  path: Assets/Prefab/Enemy/中boss/MiddleBoss1_1.prefab
  artifactKey: Guid(5819f60ce1731614e9de61af83dff287) Importer(815301076,1909f56bfc062723c751e8b465ee728b)
Start importing Assets/Prefab/Enemy/中boss/MiddleBoss1_1.prefab using Guid(5819f60ce1731614e9de61af83dff287) Importer(815301076,1909f56bfc062723c751e8b465ee728b)  -> (artifact id: '389d6c8db6eec387d9e0d7942430be13') in 0.026584 seconds 
========================================================================
Received Import Request.
  Time since last request: 6.227756 seconds.
  path: Assets/Prefab/Bullet/Enemy/LazerEnemy.prefab
  artifactKey: Guid(9f340a94d8e1a4e4780f3db1b2845ce8) Importer(815301076,1909f56bfc062723c751e8b465ee728b)
Start importing Assets/Prefab/Bullet/Enemy/LazerEnemy.prefab using Guid(9f340a94d8e1a4e4780f3db1b2845ce8) Importer(815301076,1909f56bfc062723c751e8b465ee728b)  -> (artifact id: 'f99053f48bd08cdeb049d1b34288e078') in 0.014862 seconds 
========================================================================
Received Import Request.
  Time since last request: 14.897576 seconds.
  path: Assets/Prefab/Bullet/Enemy/LazerEnemy.prefab
  artifactKey: Guid(9f340a94d8e1a4e4780f3db1b2845ce8) Importer(815301076,1909f56bfc062723c751e8b465ee728b)
Start importing Assets/Prefab/Bullet/Enemy/LazerEnemy.prefab using Guid(9f340a94d8e1a4e4780f3db1b2845ce8) Importer(815301076,1909f56bfc062723c751e8b465ee728b)  -> (artifact id: '275febb830801bad15205dc34c50fed2') in 0.010959 seconds 
========================================================================
Received Import Request.
  Time since last request: 23.498561 seconds.
  path: Assets/Prefab/Bullet/Enemy/LazerEnemy.prefab
  artifactKey: Guid(9f340a94d8e1a4e4780f3db1b2845ce8) Importer(815301076,1909f56bfc062723c751e8b465ee728b)
Start importing Assets/Prefab/Bullet/Enemy/LazerEnemy.prefab using Guid(9f340a94d8e1a4e4780f3db1b2845ce8) Importer(815301076,1909f56bfc062723c751e8b465ee728b)  -> (artifact id: '6751e1552792dac72e6bf9bfe849b12e') in 0.012459 seconds 
========================================================================
Received Import Request.
  Time since last request: 9.097175 seconds.
  path: Assets/Prefab/Bullet/Enemy/LazerEnemy.prefab
  artifactKey: Guid(9f340a94d8e1a4e4780f3db1b2845ce8) Importer(815301076,1909f56bfc062723c751e8b465ee728b)
Start importing Assets/Prefab/Bullet/Enemy/LazerEnemy.prefab using Guid(9f340a94d8e1a4e4780f3db1b2845ce8) Importer(815301076,1909f56bfc062723c751e8b465ee728b)  -> (artifact id: 'c4f3eba89a44a2586ff95ce6fd6b3271') in 0.016066 seconds 
========================================================================
Received Import Request.
  Time since last request: 26.876546 seconds.
  path: Assets/Prefab/Enemy/中boss/MiddleBoss1_1.prefab
  artifactKey: Guid(5819f60ce1731614e9de61af83dff287) Importer(815301076,1909f56bfc062723c751e8b465ee728b)
Start importing Assets/Prefab/Enemy/中boss/MiddleBoss1_1.prefab using Guid(5819f60ce1731614e9de61af83dff287) Importer(815301076,1909f56bfc062723c751e8b465ee728b)  -> (artifact id: 'c7b884d451df2d4d4f912e002a0a431b') in 0.038644 seconds 
========================================================================
Received Import Request.
  Time since last request: 4.760690 seconds.
  path: Assets/Prefab/Enemy/中boss/MiddleBoss1_1.prefab
  artifactKey: Guid(5819f60ce1731614e9de61af83dff287) Importer(815301076,1909f56bfc062723c751e8b465ee728b)
Start importing Assets/Prefab/Enemy/中boss/MiddleBoss1_1.prefab using Guid(5819f60ce1731614e9de61af83dff287) Importer(815301076,1909f56bfc062723c751e8b465ee728b)  -> (artifact id: 'c47666c8c4bfecc6ec719b14191da8b2') in 0.030761 seconds 
========================================================================
Received Prepare
Registering precompiled user dll's ...
Registered in 0.011277 seconds.
Begin MonoManager ReloadAssembly
Native extension for WindowsStandalone target not found
Refreshing native plugins compatible for Editor in 1.23 ms, found 4 plugins.
Preloading 0 native plugins for Editor in 0.00 ms.
Mono: successfully reloaded assembly
- Completed reload, in  1.353 seconds
Domain Reload Profiling:
	ReloadAssembly (1353ms)
		BeginReloadAssembly (138ms)
			ExecutionOrderSort (0ms)
			DisableScriptedObjects (7ms)
			BackupInstance (0ms)
			ReleaseScriptingObjects (0ms)
			CreateAndSetChildDomain (52ms)
		EndReloadAssembly (1162ms)
			LoadAssemblies (110ms)
			RebuildTransferFunctionScriptingTraits (0ms)
			SetupTypeCache (304ms)
			ReleaseScriptCaches (2ms)
			RebuildScriptCaches (52ms)
			SetupLoadedEditorAssemblies (552ms)
				LogAssemblyErrors (0ms)
				InitializePlatformSupportModulesInManaged (4ms)
				SetLoadedEditorAssemblies (0ms)
				RefreshPlugins (1ms)
				BeforeProcessingInitializeOnLoad (155ms)
				ProcessInitializeOnLoadAttributes (344ms)
				ProcessInitializeOnLoadMethodAttributes (45ms)
				AfterProcessingInitializeOnLoad (4ms)
				EditorAssembliesLoaded (0ms)
			ExecutionOrderSort2 (0ms)
			AwakeInstancesAfterBackupRestoration (14ms)
Platform modules already initialized, skipping
Refreshing native plugins compatible for Editor in 1.35 ms, found 4 plugins.
Preloading 0 native plugins for Editor in 0.00 ms.
Unloading 3880 Unused Serialized files (Serialized files now loaded: 0)
System memory in use before: 159.4 MB.
System memory in use after: 159.7 MB.

Unloading 71 unused Assets to reduce memory usage. Loaded Objects now: 4512.
Total: 7.200700 ms (FindLiveObjects: 0.274500 ms CreateObjectMapping: 0.122500 ms MarkObjects: 6.742000 ms  DeleteObjects: 0.060100 ms)

AssetImportParameters requested are different than current active one (requested -> active):
  custom:framework-win-MediaFoundation: 216162199b28c13a410421893ffa2e32 -> 
  custom:video-decoder-ogg-theora: a1e56fd34408186e4bbccfd4996cb3dc -> 
  custom:container-muxer-webm: aa71ff27fc2769a1b78a27578f13a17b -> 
  custom:container-demuxer-webm: 4f35f7cbe854078d1ac9338744f61a02 -> 
  custom:container-demuxer-ogg: 62fdf1f143b41e24485cea50d1cbac27 -> 
  custom:video-encoder-webm-vp8: eb34c28f22e8b96e1ab97ce403110664 -> 
  custom:video-codec-MediaFoundation-h265: 746d11721c4dcdbdad8f713fa42b33f4 -> 
  custom:video-decoder-webm-vp8: 9c59270c3fd7afecdb556c50c9e8de78 -> 
  custom:audio-decoder-ogg-vorbis: bf7c407c2cedff20999df2af8eb42d56 -> 
  custom:audio-encoder-webm-vorbis: bf7c407c2cedff20999df2af8eb42d56 -> 
========================================================================
Received Import Request.
  Time since last request: 9.383584 seconds.
  path: Assets/Prefab/Enemy/中boss/MiddleBoss1_1.prefab
  artifactKey: Guid(5819f60ce1731614e9de61af83dff287) Importer(815301076,1909f56bfc062723c751e8b465ee728b)
Start importing Assets/Prefab/Enemy/中boss/MiddleBoss1_1.prefab using Guid(5819f60ce1731614e9de61af83dff287) Importer(815301076,1909f56bfc062723c751e8b465ee728b)  -> (artifact id: '4c30a054f14a31a1606386dcb7e34f53') in 0.158503 seconds 
========================================================================
Received Prepare
Registering precompiled user dll's ...
Registered in 0.006737 seconds.
Begin MonoManager ReloadAssembly
Native extension for WindowsStandalone target not found
Refreshing native plugins compatible for Editor in 1.01 ms, found 4 plugins.
Preloading 0 native plugins for Editor in 0.00 ms.
Mono: successfully reloaded assembly
- Completed reload, in  1.131 seconds
Domain Reload Profiling:
	ReloadAssembly (1131ms)
		BeginReloadAssembly (111ms)
			ExecutionOrderSort (0ms)
			DisableScriptedObjects (6ms)
			BackupInstance (0ms)
			ReleaseScriptingObjects (0ms)
			CreateAndSetChildDomain (45ms)
		EndReloadAssembly (972ms)
			LoadAssemblies (86ms)
			RebuildTransferFunctionScriptingTraits (0ms)
			SetupTypeCache (259ms)
			ReleaseScriptCaches (2ms)
			RebuildScriptCaches (35ms)
			SetupLoadedEditorAssemblies (466ms)
				LogAssemblyErrors (0ms)
				InitializePlatformSupportModulesInManaged (3ms)
				SetLoadedEditorAssemblies (0ms)
				RefreshPlugins (1ms)
				BeforeProcessingInitializeOnLoad (127ms)
				ProcessInitializeOnLoadAttributes (287ms)
				ProcessInitializeOnLoadMethodAttributes (44ms)
				AfterProcessingInitializeOnLoad (4ms)
				EditorAssembliesLoaded (0ms)
			ExecutionOrderSort2 (0ms)
			AwakeInstancesAfterBackupRestoration (15ms)
Platform modules already initialized, skipping
Refreshing native plugins compatible for Editor in 1.11 ms, found 4 plugins.
Preloading 0 native plugins for Editor in 0.00 ms.
Unloading 3880 Unused Serialized files (Serialized files now loaded: 0)
System memory in use before: 159.6 MB.
System memory in use after: 159.8 MB.

Unloading 71 unused Assets to reduce memory usage. Loaded Objects now: 4551.
Total: 5.523100 ms (FindLiveObjects: 0.256100 ms CreateObjectMapping: 0.104000 ms MarkObjects: 5.112200 ms  DeleteObjects: 0.049600 ms)

AssetImportParameters requested are different than current active one (requested -> active):
  custom:framework-win-MediaFoundation: 216162199b28c13a410421893ffa2e32 -> 
  custom:video-decoder-ogg-theora: a1e56fd34408186e4bbccfd4996cb3dc -> 
  custom:container-muxer-webm: aa71ff27fc2769a1b78a27578f13a17b -> 
  custom:container-demuxer-webm: 4f35f7cbe854078d1ac9338744f61a02 -> 
  custom:container-demuxer-ogg: 62fdf1f143b41e24485cea50d1cbac27 -> 
  custom:video-encoder-webm-vp8: eb34c28f22e8b96e1ab97ce403110664 -> 
  custom:video-codec-MediaFoundation-h265: 746d11721c4dcdbdad8f713fa42b33f4 -> 
  custom:video-decoder-webm-vp8: 9c59270c3fd7afecdb556c50c9e8de78 -> 
  custom:audio-decoder-ogg-vorbis: bf7c407c2cedff20999df2af8eb42d56 -> 
  custom:audio-encoder-webm-vorbis: bf7c407c2cedff20999df2af8eb42d56 -> 
========================================================================
Received Prepare
Registering precompiled user dll's ...
Registered in 0.006050 seconds.
Begin MonoManager ReloadAssembly
Native extension for WindowsStandalone target not found
Refreshing native plugins compatible for Editor in 1.01 ms, found 4 plugins.
Preloading 0 native plugins for Editor in 0.00 ms.
Mono: successfully reloaded assembly
- Completed reload, in  1.063 seconds
Domain Reload Profiling:
	ReloadAssembly (1064ms)
		BeginReloadAssembly (98ms)
			ExecutionOrderSort (0ms)
			DisableScriptedObjects (5ms)
			BackupInstance (0ms)
			ReleaseScriptingObjects (0ms)
			CreateAndSetChildDomain (36ms)
		EndReloadAssembly (922ms)
			LoadAssemblies (81ms)
			RebuildTransferFunctionScriptingTraits (0ms)
			SetupTypeCache (240ms)
			ReleaseScriptCaches (2ms)
			RebuildScriptCaches (36ms)
			SetupLoadedEditorAssemblies (453ms)
				LogAssemblyErrors (0ms)
				InitializePlatformSupportModulesInManaged (3ms)
				SetLoadedEditorAssemblies (0ms)
				RefreshPlugins (1ms)
				BeforeProcessingInitializeOnLoad (120ms)
				ProcessInitializeOnLoadAttributes (280ms)
				ProcessInitializeOnLoadMethodAttributes (45ms)
				AfterProcessingInitializeOnLoad (4ms)
				EditorAssembliesLoaded (0ms)
			ExecutionOrderSort2 (0ms)
			AwakeInstancesAfterBackupRestoration (15ms)
Platform modules already initialized, skipping
Refreshing native plugins compatible for Editor in 1.14 ms, found 4 plugins.
Preloading 0 native plugins for Editor in 0.00 ms.
Unloading 3880 Unused Serialized files (Serialized files now loaded: 0)
System memory in use before: 159.6 MB.
System memory in use after: 159.8 MB.

Unloading 71 unused Assets to reduce memory usage. Loaded Objects now: 4554.
Total: 5.309900 ms (FindLiveObjects: 0.227000 ms CreateObjectMapping: 0.100100 ms MarkObjects: 4.928300 ms  DeleteObjects: 0.053500 ms)

AssetImportParameters requested are different than current active one (requested -> active):
  custom:framework-win-MediaFoundation: 216162199b28c13a410421893ffa2e32 -> 
  custom:video-decoder-ogg-theora: a1e56fd34408186e4bbccfd4996cb3dc -> 
  custom:container-muxer-webm: aa71ff27fc2769a1b78a27578f13a17b -> 
  custom:container-demuxer-webm: 4f35f7cbe854078d1ac9338744f61a02 -> 
  custom:container-demuxer-ogg: 62fdf1f143b41e24485cea50d1cbac27 -> 
  custom:video-encoder-webm-vp8: eb34c28f22e8b96e1ab97ce403110664 -> 
  custom:video-codec-MediaFoundation-h265: 746d11721c4dcdbdad8f713fa42b33f4 -> 
  custom:video-decoder-webm-vp8: 9c59270c3fd7afecdb556c50c9e8de78 -> 
  custom:audio-decoder-ogg-vorbis: bf7c407c2cedff20999df2af8eb42d56 -> 
  custom:audio-encoder-webm-vorbis: bf7c407c2cedff20999df2af8eb42d56 -> 
========================================================================
Received Import Request.
  Time since last request: 202.325874 seconds.
  path: Assets/Prefab/Player/Main/Frostto.prefab
  artifactKey: Guid(722da82325ea1d54bab473f7ed49852e) Importer(815301076,1909f56bfc062723c751e8b465ee728b)
Start importing Assets/Prefab/Player/Main/Frostto.prefab using Guid(722da82325ea1d54bab473f7ed49852e) Importer(815301076,1909f56bfc062723c751e8b465ee728b)  -> (artifact id: 'd9633da7a8bd858743af0bbd1be62b7b') in 0.332756 seconds 
========================================================================
Received Import Request.
  Time since last request: 0.000250 seconds.
  path: Assets/Prefab/Player/Main/vyles.prefab
  artifactKey: Guid(7d04dfe64857f9a46adc79441d95f27e) Importer(815301076,1909f56bfc062723c751e8b465ee728b)
Start importing Assets/Prefab/Player/Main/vyles.prefab using Guid(7d04dfe64857f9a46adc79441d95f27e) Importer(815301076,1909f56bfc062723c751e8b465ee728b)  -> (artifact id: '25a1f049d4e46b2589c9e53d8bdca4bb') in 0.067607 seconds 
========================================================================
Received Import Request.
  Time since last request: 0.000235 seconds.
  path: Assets/Prefab/Player/Main/Lily.prefab
  artifactKey: Guid(ec7439c2a81c99d45a3f53e0ea46cbe4) Importer(815301076,1909f56bfc062723c751e8b465ee728b)
Start importing Assets/Prefab/Player/Main/Lily.prefab using Guid(ec7439c2a81c99d45a3f53e0ea46cbe4) Importer(815301076,1909f56bfc062723c751e8b465ee728b)  -> (artifact id: 'dc9a3b46790a84fd328b9ba95f1585c6') in 0.105065 seconds 
========================================================================
Received Import Request.
  Time since last request: 0.000210 seconds.
  path: Assets/Prefab/Player/Main/Prismie.prefab
  artifactKey: Guid(219d3d6265477914e922e01cc667e33c) Importer(815301076,1909f56bfc062723c751e8b465ee728b)
Start importing Assets/Prefab/Player/Main/Prismie.prefab using Guid(219d3d6265477914e922e01cc667e33c) Importer(815301076,1909f56bfc062723c751e8b465ee728b)  -> (artifact id: '9172c910e6adde5f348dbc5d9a565836') in 0.051762 seconds 
========================================================================
Received Import Request.
  Time since last request: 0.000236 seconds.
  path: Assets/Prefab/Player/Main/Void.prefab
  artifactKey: Guid(d34678ae2dbc38c4596f8101450afc9e) Importer(815301076,1909f56bfc062723c751e8b465ee728b)
Start importing Assets/Prefab/Player/Main/Void.prefab using Guid(d34678ae2dbc38c4596f8101450afc9e) Importer(815301076,1909f56bfc062723c751e8b465ee728b)  -> (artifact id: '0e22bd80edeb65d2386b5b93b44bcbab') in 0.051411 seconds 
========================================================================
Received Import Request.
  Time since last request: 7.450434 seconds.
  path: Assets/Prefab/Enemy/小怪/common/BLUE/EliteMonster-BLUE.prefab
  artifactKey: Guid(fa7990e5db727c640bce9c8d0c2c3f2e) Importer(815301076,1909f56bfc062723c751e8b465ee728b)
Start importing Assets/Prefab/Enemy/小怪/common/BLUE/EliteMonster-BLUE.prefab using Guid(fa7990e5db727c640bce9c8d0c2c3f2e) Importer(815301076,1909f56bfc062723c751e8b465ee728b)  -> (artifact id: '24837983092093f296e2128532f5f66d') in 0.062348 seconds 
========================================================================
Received Import Request.
  Time since last request: 0.000202 seconds.
  path: Assets/Prefab/Enemy/小怪/common/BLUE/WaveMonster-BLUE.prefab
  artifactKey: Guid(f0276956f560a0f4daa084abfa4d0569) Importer(815301076,1909f56bfc062723c751e8b465ee728b)
Start importing Assets/Prefab/Enemy/小怪/common/BLUE/WaveMonster-BLUE.prefab using Guid(f0276956f560a0f4daa084abfa4d0569) Importer(815301076,1909f56bfc062723c751e8b465ee728b)  -> (artifact id: '908d52aeb9e62e4555bf98b592492ee0') in 0.033261 seconds 
========================================================================
Received Import Request.
  Time since last request: 0.000264 seconds.
  path: Assets/Prefab/Enemy/小怪/common/BLUE/RowMonster-BLUE.prefab
  artifactKey: Guid(e515d48a08a6b6242891b867eb720c63) Importer(815301076,1909f56bfc062723c751e8b465ee728b)
Start importing Assets/Prefab/Enemy/小怪/common/BLUE/RowMonster-BLUE.prefab using Guid(e515d48a08a6b6242891b867eb720c63) Importer(815301076,1909f56bfc062723c751e8b465ee728b)  -> (artifact id: '8121d7aed23385c344c73f072bd7c4ef') in 0.028774 seconds 
========================================================================
Received Import Request.
  Time since last request: 7.936182 seconds.
  path: Assets/Prefab/Enemy/大boss/BigBoss1_1.prefab
  artifactKey: Guid(14abb4e0a24c772498e8d1bc21ea8c06) Importer(815301076,1909f56bfc062723c751e8b465ee728b)
Start importing Assets/Prefab/Enemy/大boss/BigBoss1_1.prefab using Guid(14abb4e0a24c772498e8d1bc21ea8c06) Importer(815301076,1909f56bfc062723c751e8b465ee728b)  -> (artifact id: 'fd4858bc0ed6a585e0abcc58238b9ce9') in 0.050634 seconds 
========================================================================
Received Import Request.
  Time since last request: 0.000249 seconds.
  path: Assets/Prefab/Enemy/大boss/BigBoss2_2.prefab
  artifactKey: Guid(77006d8bf1fc45c40bc78e90716132ee) Importer(815301076,1909f56bfc062723c751e8b465ee728b)
Start importing Assets/Prefab/Enemy/大boss/BigBoss2_2.prefab using Guid(77006d8bf1fc45c40bc78e90716132ee) Importer(815301076,1909f56bfc062723c751e8b465ee728b)  -> (artifact id: 'aad8820e5ce1131715b72a05394e8890') in 0.053898 seconds 
========================================================================
Received Import Request.
  Time since last request: 0.000253 seconds.
  path: Assets/Prefab/Enemy/大boss/BIGBossRED1.prefab
  artifactKey: Guid(874b8eca884282847b9f96c286f32f72) Importer(815301076,1909f56bfc062723c751e8b465ee728b)
Start importing Assets/Prefab/Enemy/大boss/BIGBossRED1.prefab using Guid(874b8eca884282847b9f96c286f32f72) Importer(815301076,1909f56bfc062723c751e8b465ee728b)  -> (artifact id: 'ddcaf32757113f31a76aeda65c3f494b') in 0.043380 seconds 
========================================================================
Received Import Request.
  Time since last request: 0.000188 seconds.
  path: Assets/Prefab/Enemy/大boss/BigBoss1_2.prefab
  artifactKey: Guid(18bdf2b3a75ad4f4dbf8d75f9a1ed24a) Importer(815301076,1909f56bfc062723c751e8b465ee728b)
Start importing Assets/Prefab/Enemy/大boss/BigBoss1_2.prefab using Guid(18bdf2b3a75ad4f4dbf8d75f9a1ed24a) Importer(815301076,1909f56bfc062723c751e8b465ee728b)  -> (artifact id: '4941715ffe6911fbd4c467f73d50d35b') in 0.046475 seconds 
========================================================================
Received Import Request.
  Time since last request: 0.000230 seconds.
  path: Assets/Prefab/Enemy/大boss/BigBossRED2.prefab
  artifactKey: Guid(02bc28d3b89a82f40bf11a6adf9eab73) Importer(815301076,1909f56bfc062723c751e8b465ee728b)
Start importing Assets/Prefab/Enemy/大boss/BigBossRED2.prefab using Guid(02bc28d3b89a82f40bf11a6adf9eab73) Importer(815301076,1909f56bfc062723c751e8b465ee728b)  -> (artifact id: '27cd3ee98e2f120232765ae47140670a') in 0.045338 seconds 
========================================================================
Received Import Request.
  Time since last request: 0.000333 seconds.
  path: Assets/Prefab/Enemy/大boss/BigBoss2_1.prefab
  artifactKey: Guid(0927a4199cf5bb848ac29fcd1764e3e1) Importer(815301076,1909f56bfc062723c751e8b465ee728b)
Start importing Assets/Prefab/Enemy/大boss/BigBoss2_1.prefab using Guid(0927a4199cf5bb848ac29fcd1764e3e1) Importer(815301076,1909f56bfc062723c751e8b465ee728b)  -> (artifact id: '0086fcf0c476c2a83d3a242a0e53f119') in 0.032345 seconds 
========================================================================
Received Import Request.
  Time since last request: 26.084163 seconds.
  path: Assets/Prefab/Bullet/Enemy/LazerEnemy.prefab
  artifactKey: Guid(9f340a94d8e1a4e4780f3db1b2845ce8) Importer(815301076,1909f56bfc062723c751e8b465ee728b)
Start importing Assets/Prefab/Bullet/Enemy/LazerEnemy.prefab using Guid(9f340a94d8e1a4e4780f3db1b2845ce8) Importer(815301076,1909f56bfc062723c751e8b465ee728b)  -> (artifact id: 'dea692ece601d85f069b3004e932a586') in 0.022186 seconds 
========================================================================
Received Import Request.
  Time since last request: 4.248741 seconds.
  path: Assets/Prefab/Bullet/Enemy/LazerEnemy.prefab
  artifactKey: Guid(9f340a94d8e1a4e4780f3db1b2845ce8) Importer(815301076,1909f56bfc062723c751e8b465ee728b)
Start importing Assets/Prefab/Bullet/Enemy/LazerEnemy.prefab using Guid(9f340a94d8e1a4e4780f3db1b2845ce8) Importer(815301076,1909f56bfc062723c751e8b465ee728b)  -> (artifact id: '7b3905c61c89d851ea96bfefb240a62e') in 0.010352 seconds 
========================================================================
Received Import Request.
  Time since last request: 12.939018 seconds.
  path: Assets/Prefab/Bullet/Enemy/LazerEnemy.prefab
  artifactKey: Guid(9f340a94d8e1a4e4780f3db1b2845ce8) Importer(815301076,1909f56bfc062723c751e8b465ee728b)
Start importing Assets/Prefab/Bullet/Enemy/LazerEnemy.prefab using Guid(9f340a94d8e1a4e4780f3db1b2845ce8) Importer(815301076,1909f56bfc062723c751e8b465ee728b)  -> (artifact id: '28bfb53bdffc7217605e8e65bc718e6e') in 0.019473 seconds 
========================================================================
Received Import Request.
  Time since last request: 36.725635 seconds.
  path: Assets/Prefab/Bullet/Enemy/LazerEnemy.prefab
  artifactKey: Guid(9f340a94d8e1a4e4780f3db1b2845ce8) Importer(815301076,1909f56bfc062723c751e8b465ee728b)
Start importing Assets/Prefab/Bullet/Enemy/LazerEnemy.prefab using Guid(9f340a94d8e1a4e4780f3db1b2845ce8) Importer(815301076,1909f56bfc062723c751e8b465ee728b)  -> (artifact id: '5ef53588a2f552349c5b08618201eac5') in 0.022294 seconds 
========================================================================
Received Prepare
Registering precompiled user dll's ...
Registered in 0.013451 seconds.
Begin MonoManager ReloadAssembly
Native extension for WindowsStandalone target not found
Refreshing native plugins compatible for Editor in 1.09 ms, found 4 plugins.
Preloading 0 native plugins for Editor in 0.00 ms.
Mono: successfully reloaded assembly
- Completed reload, in  1.131 seconds
Domain Reload Profiling:
	ReloadAssembly (1132ms)
		BeginReloadAssembly (114ms)
			ExecutionOrderSort (0ms)
			DisableScriptedObjects (6ms)
			BackupInstance (0ms)
			ReleaseScriptingObjects (0ms)
			CreateAndSetChildDomain (44ms)
		EndReloadAssembly (972ms)
			LoadAssemblies (92ms)
			RebuildTransferFunctionScriptingTraits (0ms)
			SetupTypeCache (262ms)
			ReleaseScriptCaches (2ms)
			RebuildScriptCaches (36ms)
			SetupLoadedEditorAssemblies (464ms)
				LogAssemblyErrors (0ms)
				InitializePlatformSupportModulesInManaged (3ms)
				SetLoadedEditorAssemblies (0ms)
				RefreshPlugins (1ms)
				BeforeProcessingInitializeOnLoad (124ms)
				ProcessInitializeOnLoadAttributes (284ms)
				ProcessInitializeOnLoadMethodAttributes (48ms)
				AfterProcessingInitializeOnLoad (4ms)
				EditorAssembliesLoaded (0ms)
			ExecutionOrderSort2 (0ms)
			AwakeInstancesAfterBackupRestoration (15ms)
Platform modules already initialized, skipping
Refreshing native plugins compatible for Editor in 1.07 ms, found 4 plugins.
Preloading 0 native plugins for Editor in 0.00 ms.
Unloading 3880 Unused Serialized files (Serialized files now loaded: 0)
System memory in use before: 160.4 MB.
System memory in use after: 160.6 MB.

Unloading 71 unused Assets to reduce memory usage. Loaded Objects now: 4594.
Total: 5.916300 ms (FindLiveObjects: 0.282000 ms CreateObjectMapping: 0.103800 ms MarkObjects: 5.459600 ms  DeleteObjects: 0.069600 ms)

AssetImportParameters requested are different than current active one (requested -> active):
  custom:framework-win-MediaFoundation: 216162199b28c13a410421893ffa2e32 -> 
  custom:video-decoder-ogg-theora: a1e56fd34408186e4bbccfd4996cb3dc -> 
  custom:container-muxer-webm: aa71ff27fc2769a1b78a27578f13a17b -> 
  custom:container-demuxer-webm: 4f35f7cbe854078d1ac9338744f61a02 -> 
  custom:container-demuxer-ogg: 62fdf1f143b41e24485cea50d1cbac27 -> 
  custom:video-encoder-webm-vp8: eb34c28f22e8b96e1ab97ce403110664 -> 
  custom:video-codec-MediaFoundation-h265: 746d11721c4dcdbdad8f713fa42b33f4 -> 
  custom:video-decoder-webm-vp8: 9c59270c3fd7afecdb556c50c9e8de78 -> 
  custom:audio-decoder-ogg-vorbis: bf7c407c2cedff20999df2af8eb42d56 -> 
  custom:audio-encoder-webm-vorbis: bf7c407c2cedff20999df2af8eb42d56 -> 
========================================================================
Received Prepare
Registering precompiled user dll's ...
Registered in 0.007702 seconds.
Begin MonoManager ReloadAssembly
Native extension for WindowsStandalone target not found
Refreshing native plugins compatible for Editor in 1.05 ms, found 4 plugins.
Preloading 0 native plugins for Editor in 0.00 ms.
Mono: successfully reloaded assembly
- Completed reload, in  1.181 seconds
Domain Reload Profiling:
	ReloadAssembly (1182ms)
		BeginReloadAssembly (108ms)
			ExecutionOrderSort (0ms)
			DisableScriptedObjects (5ms)
			BackupInstance (0ms)
			ReleaseScriptingObjects (0ms)
			CreateAndSetChildDomain (40ms)
		EndReloadAssembly (1028ms)
			LoadAssemblies (87ms)
			RebuildTransferFunctionScriptingTraits (0ms)
			SetupTypeCache (239ms)
			ReleaseScriptCaches (2ms)
			RebuildScriptCaches (38ms)
			SetupLoadedEditorAssemblies (547ms)
				LogAssemblyErrors (0ms)
				InitializePlatformSupportModulesInManaged (4ms)
				SetLoadedEditorAssemblies (0ms)
				RefreshPlugins (1ms)
				BeforeProcessingInitializeOnLoad (136ms)
				ProcessInitializeOnLoadAttributes (337ms)
				ProcessInitializeOnLoadMethodAttributes (60ms)
				AfterProcessingInitializeOnLoad (8ms)
				EditorAssembliesLoaded (0ms)
			ExecutionOrderSort2 (0ms)
			AwakeInstancesAfterBackupRestoration (19ms)
Platform modules already initialized, skipping
Refreshing native plugins compatible for Editor in 1.20 ms, found 4 plugins.
Preloading 0 native plugins for Editor in 0.00 ms.
Unloading 3880 Unused Serialized files (Serialized files now loaded: 0)
System memory in use before: 160.4 MB.
System memory in use after: 160.6 MB.

Unloading 71 unused Assets to reduce memory usage. Loaded Objects now: 4597.
Total: 10.628400 ms (FindLiveObjects: 0.321100 ms CreateObjectMapping: 0.127500 ms MarkObjects: 10.116200 ms  DeleteObjects: 0.062000 ms)

AssetImportParameters requested are different than current active one (requested -> active):
  custom:framework-win-MediaFoundation: 216162199b28c13a410421893ffa2e32 -> 
  custom:video-decoder-ogg-theora: a1e56fd34408186e4bbccfd4996cb3dc -> 
  custom:container-muxer-webm: aa71ff27fc2769a1b78a27578f13a17b -> 
  custom:container-demuxer-webm: 4f35f7cbe854078d1ac9338744f61a02 -> 
  custom:container-demuxer-ogg: 62fdf1f143b41e24485cea50d1cbac27 -> 
  custom:video-encoder-webm-vp8: eb34c28f22e8b96e1ab97ce403110664 -> 
  custom:video-codec-MediaFoundation-h265: 746d11721c4dcdbdad8f713fa42b33f4 -> 
  custom:video-decoder-webm-vp8: 9c59270c3fd7afecdb556c50c9e8de78 -> 
  custom:audio-decoder-ogg-vorbis: bf7c407c2cedff20999df2af8eb42d56 -> 
  custom:audio-encoder-webm-vorbis: bf7c407c2cedff20999df2af8eb42d56 -> 
========================================================================
Received Prepare
Registering precompiled user dll's ...
Registered in 0.006683 seconds.
Begin MonoManager ReloadAssembly
Native extension for WindowsStandalone target not found
Refreshing native plugins compatible for Editor in 1.03 ms, found 4 plugins.
Preloading 0 native plugins for Editor in 0.00 ms.
Mono: successfully reloaded assembly
- Completed reload, in  1.034 seconds
Domain Reload Profiling:
	ReloadAssembly (1034ms)
		BeginReloadAssembly (99ms)
			ExecutionOrderSort (0ms)
			DisableScriptedObjects (4ms)
			BackupInstance (0ms)
			ReleaseScriptingObjects (0ms)
			CreateAndSetChildDomain (36ms)
		EndReloadAssembly (891ms)
			LoadAssemblies (79ms)
			RebuildTransferFunctionScriptingTraits (0ms)
			SetupTypeCache (221ms)
			ReleaseScriptCaches (2ms)
			RebuildScriptCaches (33ms)
			SetupLoadedEditorAssemblies (450ms)
				LogAssemblyErrors (0ms)
				InitializePlatformSupportModulesInManaged (3ms)
				SetLoadedEditorAssemblies (0ms)
				RefreshPlugins (1ms)
				BeforeProcessingInitializeOnLoad (121ms)
				ProcessInitializeOnLoadAttributes (278ms)
				ProcessInitializeOnLoadMethodAttributes (43ms)
				AfterProcessingInitializeOnLoad (4ms)
				EditorAssembliesLoaded (0ms)
			ExecutionOrderSort2 (0ms)
			AwakeInstancesAfterBackupRestoration (17ms)
Platform modules already initialized, skipping
Refreshing native plugins compatible for Editor in 1.12 ms, found 4 plugins.
Preloading 0 native plugins for Editor in 0.00 ms.
Unloading 3880 Unused Serialized files (Serialized files now loaded: 0)
System memory in use before: 160.4 MB.
System memory in use after: 160.6 MB.

Unloading 71 unused Assets to reduce memory usage. Loaded Objects now: 4600.
Total: 5.312600 ms (FindLiveObjects: 0.229500 ms CreateObjectMapping: 0.089100 ms MarkObjects: 4.958700 ms  DeleteObjects: 0.034400 ms)

AssetImportParameters requested are different than current active one (requested -> active):
  custom:framework-win-MediaFoundation: 216162199b28c13a410421893ffa2e32 -> 
  custom:video-decoder-ogg-theora: a1e56fd34408186e4bbccfd4996cb3dc -> 
  custom:container-muxer-webm: aa71ff27fc2769a1b78a27578f13a17b -> 
  custom:container-demuxer-webm: 4f35f7cbe854078d1ac9338744f61a02 -> 
  custom:container-demuxer-ogg: 62fdf1f143b41e24485cea50d1cbac27 -> 
  custom:video-encoder-webm-vp8: eb34c28f22e8b96e1ab97ce403110664 -> 
  custom:video-codec-MediaFoundation-h265: 746d11721c4dcdbdad8f713fa42b33f4 -> 
  custom:video-decoder-webm-vp8: 9c59270c3fd7afecdb556c50c9e8de78 -> 
  custom:audio-decoder-ogg-vorbis: bf7c407c2cedff20999df2af8eb42d56 -> 
  custom:audio-encoder-webm-vorbis: bf7c407c2cedff20999df2af8eb42d56 -> 
========================================================================
Received Import Request.
  Time since last request: 678.930884 seconds.
  path: Assets/Prefab/Enemy/中boss/MiddleBoss1_1.prefab
  artifactKey: Guid(5819f60ce1731614e9de61af83dff287) Importer(815301076,1909f56bfc062723c751e8b465ee728b)
Start importing Assets/Prefab/Enemy/中boss/MiddleBoss1_1.prefab using Guid(5819f60ce1731614e9de61af83dff287) Importer(815301076,1909f56bfc062723c751e8b465ee728b)  -> (artifact id: '902e1e4437961c602c1110b0ec0490fe') in 0.207501 seconds 
========================================================================
Received Import Request.
  Time since last request: 6.141115 seconds.
  path: Assets/Prefab/Enemy/中boss/MiddleBoss1_1.prefab
  artifactKey: Guid(5819f60ce1731614e9de61af83dff287) Importer(815301076,1909f56bfc062723c751e8b465ee728b)
Start importing Assets/Prefab/Enemy/中boss/MiddleBoss1_1.prefab using Guid(5819f60ce1731614e9de61af83dff287) Importer(815301076,1909f56bfc062723c751e8b465ee728b)  -> (artifact id: 'c5b1c324c474a0b0325439037f906b20') in 0.049822 seconds 
========================================================================
Received Prepare
Registering precompiled user dll's ...
Registered in 0.024441 seconds.
Begin MonoManager ReloadAssembly
Native extension for WindowsStandalone target not found
Refreshing native plugins compatible for Editor in 3.27 ms, found 4 plugins.
Preloading 0 native plugins for Editor in 0.00 ms.
Mono: successfully reloaded assembly
- Completed reload, in  1.562 seconds
Domain Reload Profiling:
	ReloadAssembly (1562ms)
		BeginReloadAssembly (202ms)
			ExecutionOrderSort (0ms)
			DisableScriptedObjects (6ms)
			BackupInstance (0ms)
			ReleaseScriptingObjects (0ms)
			CreateAndSetChildDomain (47ms)
		EndReloadAssembly (1310ms)
			LoadAssemblies (216ms)
			RebuildTransferFunctionScriptingTraits (0ms)
			SetupTypeCache (264ms)
			ReleaseScriptCaches (2ms)
			RebuildScriptCaches (34ms)
			SetupLoadedEditorAssemblies (726ms)
				LogAssemblyErrors (0ms)
				InitializePlatformSupportModulesInManaged (9ms)
				SetLoadedEditorAssemblies (2ms)
				RefreshPlugins (3ms)
				BeforeProcessingInitializeOnLoad (275ms)
				ProcessInitializeOnLoadAttributes (361ms)
				ProcessInitializeOnLoadMethodAttributes (70ms)
				AfterProcessingInitializeOnLoad (5ms)
				EditorAssembliesLoaded (0ms)
			ExecutionOrderSort2 (0ms)
			AwakeInstancesAfterBackupRestoration (16ms)
Platform modules already initialized, skipping
Refreshing native plugins compatible for Editor in 1.64 ms, found 4 plugins.
Preloading 0 native plugins for Editor in 0.00 ms.
Unloading 3880 Unused Serialized files (Serialized files now loaded: 0)
System memory in use before: 160.5 MB.
System memory in use after: 160.7 MB.

Unloading 71 unused Assets to reduce memory usage. Loaded Objects now: 4639.
Total: 11.380200 ms (FindLiveObjects: 0.396600 ms CreateObjectMapping: 0.202300 ms MarkObjects: 10.648400 ms  DeleteObjects: 0.128100 ms)

AssetImportParameters requested are different than current active one (requested -> active):
  custom:framework-win-MediaFoundation: 216162199b28c13a410421893ffa2e32 -> 
  custom:video-decoder-ogg-theora: a1e56fd34408186e4bbccfd4996cb3dc -> 
  custom:container-muxer-webm: aa71ff27fc2769a1b78a27578f13a17b -> 
  custom:container-demuxer-webm: 4f35f7cbe854078d1ac9338744f61a02 -> 
  custom:container-demuxer-ogg: 62fdf1f143b41e24485cea50d1cbac27 -> 
  custom:video-encoder-webm-vp8: eb34c28f22e8b96e1ab97ce403110664 -> 
  custom:video-codec-MediaFoundation-h265: 746d11721c4dcdbdad8f713fa42b33f4 -> 
  custom:video-decoder-webm-vp8: 9c59270c3fd7afecdb556c50c9e8de78 -> 
  custom:audio-decoder-ogg-vorbis: bf7c407c2cedff20999df2af8eb42d56 -> 
  custom:audio-encoder-webm-vorbis: bf7c407c2cedff20999df2af8eb42d56 -> 
========================================================================
Received Import Request.
  Time since last request: 271.739249 seconds.
  path: Assets/Prefab/Bullet/Enemy/LazerEnemy.prefab
  artifactKey: Guid(9f340a94d8e1a4e4780f3db1b2845ce8) Importer(815301076,1909f56bfc062723c751e8b465ee728b)
Start importing Assets/Prefab/Bullet/Enemy/LazerEnemy.prefab using Guid(9f340a94d8e1a4e4780f3db1b2845ce8) Importer(815301076,1909f56bfc062723c751e8b465ee728b)  -> (artifact id: '38e06bf19c88fdf71d71ac0fd147f1d0') in 0.128965 seconds 
========================================================================
Received Import Request.
  Time since last request: 272.200504 seconds.
  path: Assets/Prefab/Bullet/Enemy/LazerEnemy.prefab
  artifactKey: Guid(9f340a94d8e1a4e4780f3db1b2845ce8) Importer(815301076,1909f56bfc062723c751e8b465ee728b)
Start importing Assets/Prefab/Bullet/Enemy/LazerEnemy.prefab using Guid(9f340a94d8e1a4e4780f3db1b2845ce8) Importer(815301076,1909f56bfc062723c751e8b465ee728b)  -> (artifact id: 'e6eee24ba67f4e3d1b36dfedf0e9e644') in 0.024665 seconds 
========================================================================
Received Import Request.
  Time since last request: 3.280695 seconds.
  path: Assets/Prefab/Enemy/小怪/common/RED/WaveMonsterRED1.prefab
  artifactKey: Guid(70ecbc6944dd66641a799190931b4bce) Importer(815301076,1909f56bfc062723c751e8b465ee728b)
Start importing Assets/Prefab/Enemy/小怪/common/RED/WaveMonsterRED1.prefab using Guid(70ecbc6944dd66641a799190931b4bce) Importer(815301076,1909f56bfc062723c751e8b465ee728b)  -> (artifact id: '924efece8525dede115b8c62ae40ffdd') in 0.071686 seconds 
========================================================================
Received Import Request.
  Time since last request: 0.000190 seconds.
  path: Assets/Prefab/Enemy/小怪/common/RED/WaveMonsterRED2.prefab
  artifactKey: Guid(7871167ec1255c947a6451d37953441a) Importer(815301076,1909f56bfc062723c751e8b465ee728b)
Start importing Assets/Prefab/Enemy/小怪/common/RED/WaveMonsterRED2.prefab using Guid(7871167ec1255c947a6451d37953441a) Importer(815301076,1909f56bfc062723c751e8b465ee728b)  -> (artifact id: '00d02eaeb1225a4473b84eeadfa3c84f') in 0.039460 seconds 
========================================================================
Received Import Request.
  Time since last request: 53.125808 seconds.
  path: Assets/Prefab/Bullet/Enemy/LazerEnemy.prefab
  artifactKey: Guid(9f340a94d8e1a4e4780f3db1b2845ce8) Importer(815301076,1909f56bfc062723c751e8b465ee728b)
Start importing Assets/Prefab/Bullet/Enemy/LazerEnemy.prefab using Guid(9f340a94d8e1a4e4780f3db1b2845ce8) Importer(815301076,1909f56bfc062723c751e8b465ee728b)  -> (artifact id: '16d7c92d9ae2733a322a6a3f887c8f44') in 0.018207 seconds 
========================================================================
Received Import Request.
  Time since last request: 43.829504 seconds.
  path: Assets/Prefab/Bullet/Enemy/LazerEnemy.prefab
  artifactKey: Guid(9f340a94d8e1a4e4780f3db1b2845ce8) Importer(815301076,1909f56bfc062723c751e8b465ee728b)
Start importing Assets/Prefab/Bullet/Enemy/LazerEnemy.prefab using Guid(9f340a94d8e1a4e4780f3db1b2845ce8) Importer(815301076,1909f56bfc062723c751e8b465ee728b)  -> (artifact id: 'a2199a92a687cef11150dcb3e1800ea2') in 0.016050 seconds 
========================================================================
Received Prepare
Registering precompiled user dll's ...
Registered in 0.015401 seconds.
Begin MonoManager ReloadAssembly
Native extension for WindowsStandalone target not found
Refreshing native plugins compatible for Editor in 1.04 ms, found 4 plugins.
Preloading 0 native plugins for Editor in 0.00 ms.
Mono: successfully reloaded assembly
- Completed reload, in  1.540 seconds
Domain Reload Profiling:
	ReloadAssembly (1550ms)
		BeginReloadAssembly (432ms)
			ExecutionOrderSort (0ms)
			DisableScriptedObjects (81ms)
			BackupInstance (0ms)
			ReleaseScriptingObjects (0ms)
			CreateAndSetChildDomain (223ms)
		EndReloadAssembly (1059ms)
			LoadAssemblies (118ms)
			RebuildTransferFunctionScriptingTraits (0ms)
			SetupTypeCache (259ms)
			ReleaseScriptCaches (2ms)
			RebuildScriptCaches (36ms)
			SetupLoadedEditorAssemblies (538ms)
				LogAssemblyErrors (0ms)
				InitializePlatformSupportModulesInManaged (3ms)
				SetLoadedEditorAssemblies (1ms)
				RefreshPlugins (1ms)
				BeforeProcessingInitializeOnLoad (130ms)
				ProcessInitializeOnLoadAttributes (349ms)
				ProcessInitializeOnLoadMethodAttributes (50ms)
				AfterProcessingInitializeOnLoad (4ms)
				EditorAssembliesLoaded (0ms)
			ExecutionOrderSort2 (0ms)
			AwakeInstancesAfterBackupRestoration (16ms)
Platform modules already initialized, skipping
Refreshing native plugins compatible for Editor in 1.07 ms, found 4 plugins.
Preloading 0 native plugins for Editor in 0.00 ms.
Unloading 3880 Unused Serialized files (Serialized files now loaded: 0)
System memory in use before: 160.6 MB.
System memory in use after: 160.9 MB.

Unloading 71 unused Assets to reduce memory usage. Loaded Objects now: 4678.
Total: 7.973100 ms (FindLiveObjects: 0.554400 ms CreateObjectMapping: 0.133100 ms MarkObjects: 7.170300 ms  DeleteObjects: 0.114500 ms)

AssetImportParameters requested are different than current active one (requested -> active):
  custom:framework-win-MediaFoundation: 216162199b28c13a410421893ffa2e32 -> 
  custom:video-decoder-ogg-theora: a1e56fd34408186e4bbccfd4996cb3dc -> 
  custom:container-muxer-webm: aa71ff27fc2769a1b78a27578f13a17b -> 
  custom:container-demuxer-webm: 4f35f7cbe854078d1ac9338744f61a02 -> 
  custom:container-demuxer-ogg: 62fdf1f143b41e24485cea50d1cbac27 -> 
  custom:video-encoder-webm-vp8: eb34c28f22e8b96e1ab97ce403110664 -> 
  custom:video-codec-MediaFoundation-h265: 746d11721c4dcdbdad8f713fa42b33f4 -> 
  custom:video-decoder-webm-vp8: 9c59270c3fd7afecdb556c50c9e8de78 -> 
  custom:audio-decoder-ogg-vorbis: bf7c407c2cedff20999df2af8eb42d56 -> 
  custom:audio-encoder-webm-vorbis: bf7c407c2cedff20999df2af8eb42d56 -> 
========================================================================
Received Import Request.
  Time since last request: 722.459756 seconds.
  path: Assets/Animation/Lazer/LazerEnemy.controller
  artifactKey: Guid(e897a723cd8269548950ffd1b2ee59db) Importer(815301076,1909f56bfc062723c751e8b465ee728b)
Start importing Assets/Animation/Lazer/LazerEnemy.controller using Guid(e897a723cd8269548950ffd1b2ee59db) Importer(815301076,1909f56bfc062723c751e8b465ee728b)  -> (artifact id: '15f1a222b4a10deb86ee479f5d855a69') in 0.048502 seconds 
========================================================================
Received Import Request.
  Time since last request: 19.125108 seconds.
  path: Assets/Prefab/Bullet/Enemy/lazerDefault.anim
  artifactKey: Guid(de553ed074676354a8b693df091a2839) Importer(815301076,1909f56bfc062723c751e8b465ee728b)
Start importing Assets/Prefab/Bullet/Enemy/lazerDefault.anim using Guid(de553ed074676354a8b693df091a2839) Importer(815301076,1909f56bfc062723c751e8b465ee728b)  -> (artifact id: 'fedf36eae77bf99124d4ec963aa66967') in 0.012222 seconds 
========================================================================
Received Import Request.
  Time since last request: 21.298016 seconds.
  path: Assets/Animation/Lazer/lazer.anim
  artifactKey: Guid(91292095c706fc444b0c85413b1e7bb1) Importer(815301076,1909f56bfc062723c751e8b465ee728b)
Start importing Assets/Animation/Lazer/lazer.anim using Guid(91292095c706fc444b0c85413b1e7bb1) Importer(815301076,1909f56bfc062723c751e8b465ee728b)  -> (artifact id: '1a5ef9e120a4ef91ca9885e81f7cf3b7') in 0.013158 seconds 
========================================================================
Received Prepare
Registering precompiled user dll's ...
Registered in 0.011172 seconds.
Begin MonoManager ReloadAssembly
Native extension for WindowsStandalone target not found
Refreshing native plugins compatible for Editor in 1.08 ms, found 4 plugins.
Preloading 0 native plugins for Editor in 0.00 ms.
Mono: successfully reloaded assembly
- Completed reload, in  1.180 seconds
Domain Reload Profiling:
	ReloadAssembly (1180ms)
		BeginReloadAssembly (134ms)
			ExecutionOrderSort (0ms)
			DisableScriptedObjects (7ms)
			BackupInstance (0ms)
			ReleaseScriptingObjects (0ms)
			CreateAndSetChildDomain (55ms)
		EndReloadAssembly (994ms)
			LoadAssemblies (92ms)
			RebuildTransferFunctionScriptingTraits (0ms)
			SetupTypeCache (249ms)
			ReleaseScriptCaches (2ms)
			RebuildScriptCaches (36ms)
			SetupLoadedEditorAssemblies (494ms)
				LogAssemblyErrors (0ms)
				InitializePlatformSupportModulesInManaged (3ms)
				SetLoadedEditorAssemblies (0ms)
				RefreshPlugins (1ms)
				BeforeProcessingInitializeOnLoad (123ms)
				ProcessInitializeOnLoadAttributes (315ms)
				ProcessInitializeOnLoadMethodAttributes (48ms)
				AfterProcessingInitializeOnLoad (4ms)
				EditorAssembliesLoaded (0ms)
			ExecutionOrderSort2 (0ms)
			AwakeInstancesAfterBackupRestoration (16ms)
Platform modules already initialized, skipping
Refreshing native plugins compatible for Editor in 1.09 ms, found 4 plugins.
Preloading 0 native plugins for Editor in 0.00 ms.
Unloading 3880 Unused Serialized files (Serialized files now loaded: 0)
System memory in use before: 160.7 MB.
System memory in use after: 160.9 MB.

Unloading 71 unused Assets to reduce memory usage. Loaded Objects now: 4681.
Total: 7.193300 ms (FindLiveObjects: 0.253400 ms CreateObjectMapping: 0.124400 ms MarkObjects: 5.634400 ms  DeleteObjects: 1.179400 ms)

AssetImportParameters requested are different than current active one (requested -> active):
  custom:framework-win-MediaFoundation: 216162199b28c13a410421893ffa2e32 -> 
  custom:video-decoder-ogg-theora: a1e56fd34408186e4bbccfd4996cb3dc -> 
  custom:container-muxer-webm: aa71ff27fc2769a1b78a27578f13a17b -> 
  custom:container-demuxer-webm: 4f35f7cbe854078d1ac9338744f61a02 -> 
  custom:container-demuxer-ogg: 62fdf1f143b41e24485cea50d1cbac27 -> 
  custom:video-encoder-webm-vp8: eb34c28f22e8b96e1ab97ce403110664 -> 
  custom:video-codec-MediaFoundation-h265: 746d11721c4dcdbdad8f713fa42b33f4 -> 
  custom:video-decoder-webm-vp8: 9c59270c3fd7afecdb556c50c9e8de78 -> 
  custom:audio-decoder-ogg-vorbis: bf7c407c2cedff20999df2af8eb42d56 -> 
  custom:audio-encoder-webm-vorbis: bf7c407c2cedff20999df2af8eb42d56 -> 
========================================================================
Received Prepare
Registering precompiled user dll's ...
Registered in 0.003925 seconds.
Begin MonoManager ReloadAssembly
Native extension for WindowsStandalone target not found
Refreshing native plugins compatible for Editor in 1.08 ms, found 4 plugins.
Preloading 0 native plugins for Editor in 0.00 ms.
Mono: successfully reloaded assembly
- Completed reload, in  1.118 seconds
Domain Reload Profiling:
	ReloadAssembly (1119ms)
		BeginReloadAssembly (117ms)
			ExecutionOrderSort (0ms)
			DisableScriptedObjects (5ms)
			BackupInstance (0ms)
			ReleaseScriptingObjects (0ms)
			CreateAndSetChildDomain (49ms)
		EndReloadAssembly (957ms)
			LoadAssemblies (85ms)
			RebuildTransferFunctionScriptingTraits (0ms)
			SetupTypeCache (235ms)
			ReleaseScriptCaches (2ms)
			RebuildScriptCaches (34ms)
			SetupLoadedEditorAssemblies (491ms)
				LogAssemblyErrors (0ms)
				InitializePlatformSupportModulesInManaged (3ms)
				SetLoadedEditorAssemblies (0ms)
				RefreshPlugins (1ms)
				BeforeProcessingInitializeOnLoad (128ms)
				ProcessInitializeOnLoadAttributes (305ms)
				ProcessInitializeOnLoadMethodAttributes (49ms)
				AfterProcessingInitializeOnLoad (4ms)
				EditorAssembliesLoaded (0ms)
			ExecutionOrderSort2 (0ms)
			AwakeInstancesAfterBackupRestoration (16ms)
Platform modules already initialized, skipping
Refreshing native plugins compatible for Editor in 1.28 ms, found 4 plugins.
Preloading 0 native plugins for Editor in 0.00 ms.
Unloading 3880 Unused Serialized files (Serialized files now loaded: 0)
System memory in use before: 160.7 MB.
System memory in use after: 160.9 MB.

Unloading 71 unused Assets to reduce memory usage. Loaded Objects now: 4684.
Total: 6.805700 ms (FindLiveObjects: 0.419200 ms CreateObjectMapping: 0.116600 ms MarkObjects: 6.060800 ms  DeleteObjects: 0.197000 ms)

AssetImportParameters requested are different than current active one (requested -> active):
  custom:framework-win-MediaFoundation: 216162199b28c13a410421893ffa2e32 -> 
  custom:video-decoder-ogg-theora: a1e56fd34408186e4bbccfd4996cb3dc -> 
  custom:container-muxer-webm: aa71ff27fc2769a1b78a27578f13a17b -> 
  custom:container-demuxer-webm: 4f35f7cbe854078d1ac9338744f61a02 -> 
  custom:container-demuxer-ogg: 62fdf1f143b41e24485cea50d1cbac27 -> 
  custom:video-encoder-webm-vp8: eb34c28f22e8b96e1ab97ce403110664 -> 
  custom:video-codec-MediaFoundation-h265: 746d11721c4dcdbdad8f713fa42b33f4 -> 
  custom:video-decoder-webm-vp8: 9c59270c3fd7afecdb556c50c9e8de78 -> 
  custom:audio-decoder-ogg-vorbis: bf7c407c2cedff20999df2af8eb42d56 -> 
  custom:audio-encoder-webm-vorbis: bf7c407c2cedff20999df2af8eb42d56 -> 
========================================================================
Received Prepare
Registering precompiled user dll's ...
Registered in 0.006045 seconds.
Begin MonoManager ReloadAssembly
Native extension for WindowsStandalone target not found
Refreshing native plugins compatible for Editor in 1.01 ms, found 4 plugins.
Preloading 0 native plugins for Editor in 0.00 ms.
Mono: successfully reloaded assembly
- Completed reload, in  1.072 seconds
Domain Reload Profiling:
	ReloadAssembly (1072ms)
		BeginReloadAssembly (110ms)
			ExecutionOrderSort (0ms)
			DisableScriptedObjects (5ms)
			BackupInstance (0ms)
			ReleaseScriptingObjects (0ms)
			CreateAndSetChildDomain (39ms)
		EndReloadAssembly (917ms)
			LoadAssemblies (82ms)
			RebuildTransferFunctionScriptingTraits (0ms)
			SetupTypeCache (231ms)
			ReleaseScriptCaches (2ms)
			RebuildScriptCaches (34ms)
			SetupLoadedEditorAssemblies (465ms)
				LogAssemblyErrors (0ms)
				InitializePlatformSupportModulesInManaged (3ms)
				SetLoadedEditorAssemblies (0ms)
				RefreshPlugins (1ms)
				BeforeProcessingInitializeOnLoad (121ms)
				ProcessInitializeOnLoadAttributes (289ms)
				ProcessInitializeOnLoadMethodAttributes (47ms)
				AfterProcessingInitializeOnLoad (4ms)
				EditorAssembliesLoaded (0ms)
			ExecutionOrderSort2 (0ms)
			AwakeInstancesAfterBackupRestoration (15ms)
Platform modules already initialized, skipping
Refreshing native plugins compatible for Editor in 1.06 ms, found 4 plugins.
Preloading 0 native plugins for Editor in 0.00 ms.
Unloading 3880 Unused Serialized files (Serialized files now loaded: 0)
System memory in use before: 160.7 MB.
System memory in use after: 160.9 MB.

Unloading 71 unused Assets to reduce memory usage. Loaded Objects now: 4687.
Total: 7.192100 ms (FindLiveObjects: 0.246700 ms CreateObjectMapping: 0.104700 ms MarkObjects: 5.489800 ms  DeleteObjects: 1.349100 ms)

AssetImportParameters requested are different than current active one (requested -> active):
  custom:framework-win-MediaFoundation: 216162199b28c13a410421893ffa2e32 -> 
  custom:video-decoder-ogg-theora: a1e56fd34408186e4bbccfd4996cb3dc -> 
  custom:container-muxer-webm: aa71ff27fc2769a1b78a27578f13a17b -> 
  custom:container-demuxer-webm: 4f35f7cbe854078d1ac9338744f61a02 -> 
  custom:container-demuxer-ogg: 62fdf1f143b41e24485cea50d1cbac27 -> 
  custom:video-encoder-webm-vp8: eb34c28f22e8b96e1ab97ce403110664 -> 
  custom:video-codec-MediaFoundation-h265: 746d11721c4dcdbdad8f713fa42b33f4 -> 
  custom:video-decoder-webm-vp8: 9c59270c3fd7afecdb556c50c9e8de78 -> 
  custom:audio-decoder-ogg-vorbis: bf7c407c2cedff20999df2af8eb42d56 -> 
  custom:audio-encoder-webm-vorbis: bf7c407c2cedff20999df2af8eb42d56 -> 
========================================================================
Received Import Request.
  Time since last request: 275.106588 seconds.
  path: Assets/Prefab/Bullet/Enemy/LazerEnemy.prefab
  artifactKey: Guid(9f340a94d8e1a4e4780f3db1b2845ce8) Importer(815301076,1909f56bfc062723c751e8b465ee728b)
Start importing Assets/Prefab/Bullet/Enemy/LazerEnemy.prefab using Guid(9f340a94d8e1a4e4780f3db1b2845ce8) Importer(815301076,1909f56bfc062723c751e8b465ee728b)  -> (artifact id: '852904a6158786940382f8802d5fc358') in 0.154221 seconds 
========================================================================
Received Import Request.
  Time since last request: 11.920468 seconds.
  path: Assets/Prefab/Bullet/Enemy/LazerEnemy.prefab
  artifactKey: Guid(9f340a94d8e1a4e4780f3db1b2845ce8) Importer(815301076,1909f56bfc062723c751e8b465ee728b)
Start importing Assets/Prefab/Bullet/Enemy/LazerEnemy.prefab using Guid(9f340a94d8e1a4e4780f3db1b2845ce8) Importer(815301076,1909f56bfc062723c751e8b465ee728b)  -> (artifact id: 'dd3eb33faf4d2aaa47bbf12340011d4c') in 0.016318 seconds 
========================================================================
Received Import Request.
  Time since last request: 19.664732 seconds.
  path: Assets/Prefab/Bullet/Enemy/LazerEnemy.prefab
  artifactKey: Guid(9f340a94d8e1a4e4780f3db1b2845ce8) Importer(815301076,1909f56bfc062723c751e8b465ee728b)
Start importing Assets/Prefab/Bullet/Enemy/LazerEnemy.prefab using Guid(9f340a94d8e1a4e4780f3db1b2845ce8) Importer(815301076,1909f56bfc062723c751e8b465ee728b)  -> (artifact id: '9cab55a691e29721bd920c9692a331d7') in 0.023375 seconds 
========================================================================
Received Import Request.
  Time since last request: 7.011517 seconds.
  path: Assets/Prefab/Bullet/Enemy/LazerEnemy.prefab
  artifactKey: Guid(9f340a94d8e1a4e4780f3db1b2845ce8) Importer(815301076,1909f56bfc062723c751e8b465ee728b)
Start importing Assets/Prefab/Bullet/Enemy/LazerEnemy.prefab using Guid(9f340a94d8e1a4e4780f3db1b2845ce8) Importer(815301076,1909f56bfc062723c751e8b465ee728b)  -> (artifact id: 'cfd852f0844e761c0631c8e9a13554bc') in 0.016418 seconds 
========================================================================
Received Import Request.
  Time since last request: 8.632999 seconds.
  path: Assets/Prefab/Bullet/Enemy/LazerEnemy.prefab
  artifactKey: Guid(9f340a94d8e1a4e4780f3db1b2845ce8) Importer(815301076,1909f56bfc062723c751e8b465ee728b)
Start importing Assets/Prefab/Bullet/Enemy/LazerEnemy.prefab using Guid(9f340a94d8e1a4e4780f3db1b2845ce8) Importer(815301076,1909f56bfc062723c751e8b465ee728b)  -> (artifact id: 'bfb0e513158b6383868413ab24a13fc4') in 0.016595 seconds 
========================================================================
Received Prepare
Registering precompiled user dll's ...
Registered in 0.013085 seconds.
Begin MonoManager ReloadAssembly
Native extension for WindowsStandalone target not found
Refreshing native plugins compatible for Editor in 1.18 ms, found 4 plugins.
Preloading 0 native plugins for Editor in 0.00 ms.
Mono: successfully reloaded assembly
- Completed reload, in  1.210 seconds
Domain Reload Profiling:
	ReloadAssembly (1210ms)
		BeginReloadAssembly (120ms)
			ExecutionOrderSort (0ms)
			DisableScriptedObjects (9ms)
			BackupInstance (0ms)
			ReleaseScriptingObjects (0ms)
			CreateAndSetChildDomain (49ms)
		EndReloadAssembly (1044ms)
			LoadAssemblies (84ms)
			RebuildTransferFunctionScriptingTraits (0ms)
			SetupTypeCache (250ms)
			ReleaseScriptCaches (2ms)
			RebuildScriptCaches (37ms)
			SetupLoadedEditorAssemblies (546ms)
				LogAssemblyErrors (0ms)
				InitializePlatformSupportModulesInManaged (3ms)
				SetLoadedEditorAssemblies (0ms)
				RefreshPlugins (1ms)
				BeforeProcessingInitializeOnLoad (129ms)
				ProcessInitializeOnLoadAttributes (331ms)
				ProcessInitializeOnLoadMethodAttributes (78ms)
				AfterProcessingInitializeOnLoad (4ms)
				EditorAssembliesLoaded (0ms)
			ExecutionOrderSort2 (0ms)
			AwakeInstancesAfterBackupRestoration (27ms)
Platform modules already initialized, skipping
Refreshing native plugins compatible for Editor in 1.42 ms, found 4 plugins.
Preloading 0 native plugins for Editor in 0.00 ms.
Unloading 3880 Unused Serialized files (Serialized files now loaded: 0)
System memory in use before: 160.8 MB.
System memory in use after: 161.0 MB.

Unloading 71 unused Assets to reduce memory usage. Loaded Objects now: 4726.
Total: 6.255300 ms (FindLiveObjects: 0.252600 ms CreateObjectMapping: 0.100500 ms MarkObjects: 5.858300 ms  DeleteObjects: 0.042800 ms)

AssetImportParameters requested are different than current active one (requested -> active):
  custom:framework-win-MediaFoundation: 216162199b28c13a410421893ffa2e32 -> 
  custom:video-decoder-ogg-theora: a1e56fd34408186e4bbccfd4996cb3dc -> 
  custom:container-muxer-webm: aa71ff27fc2769a1b78a27578f13a17b -> 
  custom:container-demuxer-webm: 4f35f7cbe854078d1ac9338744f61a02 -> 
  custom:container-demuxer-ogg: 62fdf1f143b41e24485cea50d1cbac27 -> 
  custom:video-encoder-webm-vp8: eb34c28f22e8b96e1ab97ce403110664 -> 
  custom:video-codec-MediaFoundation-h265: 746d11721c4dcdbdad8f713fa42b33f4 -> 
  custom:video-decoder-webm-vp8: 9c59270c3fd7afecdb556c50c9e8de78 -> 
  custom:audio-decoder-ogg-vorbis: bf7c407c2cedff20999df2af8eb42d56 -> 
  custom:audio-encoder-webm-vorbis: bf7c407c2cedff20999df2af8eb42d56 -> 
========================================================================
Received Import Request.
  Time since last request: 235.479770 seconds.
  path: Assets/Prefab/Bullet/Enemy/LazerEnemy.prefab
  artifactKey: Guid(9f340a94d8e1a4e4780f3db1b2845ce8) Importer(815301076,1909f56bfc062723c751e8b465ee728b)
Start importing Assets/Prefab/Bullet/Enemy/LazerEnemy.prefab using Guid(9f340a94d8e1a4e4780f3db1b2845ce8) Importer(815301076,1909f56bfc062723c751e8b465ee728b)  -> (artifact id: 'bd3d32f61adacf5c5c1fd3a24dbd0371') in 0.132627 seconds 
========================================================================
Received Prepare
Registering precompiled user dll's ...
Registered in 0.011158 seconds.
Begin MonoManager ReloadAssembly
Native extension for WindowsStandalone target not found
Refreshing native plugins compatible for Editor in 1.03 ms, found 4 plugins.
Preloading 0 native plugins for Editor in 0.00 ms.
Mono: successfully reloaded assembly
- Completed reload, in  1.169 seconds
Domain Reload Profiling:
	ReloadAssembly (1169ms)
		BeginReloadAssembly (132ms)
			ExecutionOrderSort (0ms)
			DisableScriptedObjects (7ms)
			BackupInstance (0ms)
			ReleaseScriptingObjects (0ms)
			CreateAndSetChildDomain (53ms)
		EndReloadAssembly (988ms)
			LoadAssemblies (91ms)
			RebuildTransferFunctionScriptingTraits (0ms)
			SetupTypeCache (240ms)
			ReleaseScriptCaches (2ms)
			RebuildScriptCaches (38ms)
			SetupLoadedEditorAssemblies (500ms)
				LogAssemblyErrors (0ms)
				InitializePlatformSupportModulesInManaged (3ms)
				SetLoadedEditorAssemblies (0ms)
				RefreshPlugins (1ms)
				BeforeProcessingInitializeOnLoad (125ms)
				ProcessInitializeOnLoadAttributes (319ms)
				ProcessInitializeOnLoadMethodAttributes (48ms)
				AfterProcessingInitializeOnLoad (4ms)
				EditorAssembliesLoaded (0ms)
			ExecutionOrderSort2 (0ms)
			AwakeInstancesAfterBackupRestoration (21ms)
Platform modules already initialized, skipping
Refreshing native plugins compatible for Editor in 1.05 ms, found 4 plugins.
Preloading 0 native plugins for Editor in 0.00 ms.
Unloading 3880 Unused Serialized files (Serialized files now loaded: 0)
System memory in use before: 160.9 MB.
System memory in use after: 161.2 MB.

Unloading 71 unused Assets to reduce memory usage. Loaded Objects now: 4765.
Total: 6.161700 ms (FindLiveObjects: 0.242400 ms CreateObjectMapping: 0.095900 ms MarkObjects: 5.775600 ms  DeleteObjects: 0.046800 ms)

AssetImportParameters requested are different than current active one (requested -> active):
  custom:framework-win-MediaFoundation: 216162199b28c13a410421893ffa2e32 -> 
  custom:video-decoder-ogg-theora: a1e56fd34408186e4bbccfd4996cb3dc -> 
  custom:container-muxer-webm: aa71ff27fc2769a1b78a27578f13a17b -> 
  custom:container-demuxer-webm: 4f35f7cbe854078d1ac9338744f61a02 -> 
  custom:container-demuxer-ogg: 62fdf1f143b41e24485cea50d1cbac27 -> 
  custom:video-encoder-webm-vp8: eb34c28f22e8b96e1ab97ce403110664 -> 
  custom:video-codec-MediaFoundation-h265: 746d11721c4dcdbdad8f713fa42b33f4 -> 
  custom:video-decoder-webm-vp8: 9c59270c3fd7afecdb556c50c9e8de78 -> 
  custom:audio-decoder-ogg-vorbis: bf7c407c2cedff20999df2af8eb42d56 -> 
  custom:audio-encoder-webm-vorbis: bf7c407c2cedff20999df2af8eb42d56 -> 
========================================================================
Received Import Request.
  Time since last request: 121.000493 seconds.
  path: Assets/Prefab/Bullet/Enemy/LazerEnemy.prefab
  artifactKey: Guid(9f340a94d8e1a4e4780f3db1b2845ce8) Importer(815301076,1909f56bfc062723c751e8b465ee728b)
Start importing Assets/Prefab/Bullet/Enemy/LazerEnemy.prefab using Guid(9f340a94d8e1a4e4780f3db1b2845ce8) Importer(815301076,1909f56bfc062723c751e8b465ee728b)  -> (artifact id: '3db6d69ab5cca057c5033bb29f703c94') in 0.116171 seconds 
========================================================================
Received Import Request.
  Time since last request: 18.745670 seconds.
  path: Assets/Prefab/Bullet/Enemy/LazerEnemy.prefab
  artifactKey: Guid(9f340a94d8e1a4e4780f3db1b2845ce8) Importer(815301076,1909f56bfc062723c751e8b465ee728b)
Start importing Assets/Prefab/Bullet/Enemy/LazerEnemy.prefab using Guid(9f340a94d8e1a4e4780f3db1b2845ce8) Importer(815301076,1909f56bfc062723c751e8b465ee728b)  -> (artifact id: '9ca3af376d39ff14925f5630eba07a76') in 0.021371 seconds 
========================================================================
Received Prepare
Registering precompiled user dll's ...
Registered in 0.006821 seconds.
Begin MonoManager ReloadAssembly
Native extension for WindowsStandalone target not found
Refreshing native plugins compatible for Editor in 1.01 ms, found 4 plugins.
Preloading 0 native plugins for Editor in 0.00 ms.
Mono: successfully reloaded assembly
- Completed reload, in  1.082 seconds
Domain Reload Profiling:
	ReloadAssembly (1083ms)
		BeginReloadAssembly (114ms)
			ExecutionOrderSort (0ms)
			DisableScriptedObjects (6ms)
			BackupInstance (0ms)
			ReleaseScriptingObjects (0ms)
			CreateAndSetChildDomain (47ms)
		EndReloadAssembly (923ms)
			LoadAssemblies (83ms)
			RebuildTransferFunctionScriptingTraits (0ms)
			SetupTypeCache (222ms)
			ReleaseScriptCaches (2ms)
			RebuildScriptCaches (35ms)
			SetupLoadedEditorAssemblies (470ms)
				LogAssemblyErrors (0ms)
				InitializePlatformSupportModulesInManaged (3ms)
				SetLoadedEditorAssemblies (0ms)
				RefreshPlugins (1ms)
				BeforeProcessingInitializeOnLoad (124ms)
				ProcessInitializeOnLoadAttributes (294ms)
				ProcessInitializeOnLoadMethodAttributes (44ms)
				AfterProcessingInitializeOnLoad (4ms)
				EditorAssembliesLoaded (0ms)
			ExecutionOrderSort2 (0ms)
			AwakeInstancesAfterBackupRestoration (18ms)
Platform modules already initialized, skipping
Refreshing native plugins compatible for Editor in 1.06 ms, found 4 plugins.
Preloading 0 native plugins for Editor in 0.00 ms.
Unloading 3880 Unused Serialized files (Serialized files now loaded: 0)
System memory in use before: 161.0 MB.
System memory in use after: 161.3 MB.

Unloading 71 unused Assets to reduce memory usage. Loaded Objects now: 4804.
Total: 7.166300 ms (FindLiveObjects: 0.246800 ms CreateObjectMapping: 0.095500 ms MarkObjects: 6.765600 ms  DeleteObjects: 0.056700 ms)

AssetImportParameters requested are different than current active one (requested -> active):
  custom:framework-win-MediaFoundation: 216162199b28c13a410421893ffa2e32 -> 
  custom:video-decoder-ogg-theora: a1e56fd34408186e4bbccfd4996cb3dc -> 
  custom:container-muxer-webm: aa71ff27fc2769a1b78a27578f13a17b -> 
  custom:container-demuxer-webm: 4f35f7cbe854078d1ac9338744f61a02 -> 
  custom:container-demuxer-ogg: 62fdf1f143b41e24485cea50d1cbac27 -> 
  custom:video-encoder-webm-vp8: eb34c28f22e8b96e1ab97ce403110664 -> 
  custom:video-codec-MediaFoundation-h265: 746d11721c4dcdbdad8f713fa42b33f4 -> 
  custom:video-decoder-webm-vp8: 9c59270c3fd7afecdb556c50c9e8de78 -> 
  custom:audio-decoder-ogg-vorbis: bf7c407c2cedff20999df2af8eb42d56 -> 
  custom:audio-encoder-webm-vorbis: bf7c407c2cedff20999df2af8eb42d56 -> 
========================================================================
Received Import Request.
  Time since last request: 173.501425 seconds.
  path: Assets/Prefab/Bullet/Enemy/BoseBullet.prefab
  artifactKey: Guid(02beb967345c97e4fb006628ea366106) Importer(815301076,1909f56bfc062723c751e8b465ee728b)
Start importing Assets/Prefab/Bullet/Enemy/BoseBullet.prefab using Guid(02beb967345c97e4fb006628ea366106) Importer(815301076,1909f56bfc062723c751e8b465ee728b)  -> (artifact id: '319278f9e94af0d190da4d89761c0dc0') in 0.137482 seconds 
========================================================================
Received Import Request.
  Time since last request: 0.000194 seconds.
  path: Assets/Prefab/Bullet/Enemy/BoseBullet2_BLUE.prefab
  artifactKey: Guid(33932fbda78b919489b00a10a273760d) Importer(815301076,1909f56bfc062723c751e8b465ee728b)
Start importing Assets/Prefab/Bullet/Enemy/BoseBullet2_BLUE.prefab using Guid(33932fbda78b919489b00a10a273760d) Importer(815301076,1909f56bfc062723c751e8b465ee728b)  -> (artifact id: 'ec11393f2210fcf5160152f5de119961') in 0.030063 seconds 
========================================================================
Received Import Request.
  Time since last request: 0.000242 seconds.
  path: Assets/Prefab/Bullet/Enemy/BoseBullet_BLUE.prefab
  artifactKey: Guid(6b9ca9b23ff5a3148ae5b962c023e21f) Importer(815301076,1909f56bfc062723c751e8b465ee728b)
Start importing Assets/Prefab/Bullet/Enemy/BoseBullet_BLUE.prefab using Guid(6b9ca9b23ff5a3148ae5b962c023e21f) Importer(815301076,1909f56bfc062723c751e8b465ee728b)  -> (artifact id: '7e119a1922f276c8bb9bc34bb76fa2e6') in 0.022503 seconds 
========================================================================
Received Import Request.
  Time since last request: 0.000191 seconds.
  path: Assets/Prefab/Bullet/Enemy/MonsterBullet_BLUE.prefab
  artifactKey: Guid(0c1fe1b7340988c418e6f8c742474f46) Importer(815301076,1909f56bfc062723c751e8b465ee728b)
Start importing Assets/Prefab/Bullet/Enemy/MonsterBullet_BLUE.prefab using Guid(0c1fe1b7340988c418e6f8c742474f46) Importer(815301076,1909f56bfc062723c751e8b465ee728b)  -> (artifact id: '235112fe978640407fb22d96bffd5e66') in 0.025365 seconds 
========================================================================
Received Import Request.
  Time since last request: 0.000231 seconds.
  path: Assets/Prefab/Bullet/Enemy/LazerEnemy.prefab
  artifactKey: Guid(9f340a94d8e1a4e4780f3db1b2845ce8) Importer(815301076,1909f56bfc062723c751e8b465ee728b)
Start importing Assets/Prefab/Bullet/Enemy/LazerEnemy.prefab using Guid(9f340a94d8e1a4e4780f3db1b2845ce8) Importer(815301076,1909f56bfc062723c751e8b465ee728b)  -> (artifact id: '4e5ed03d093b8d7ae2aff67e1e30544b') in 0.018154 seconds 
========================================================================
Received Import Request.
  Time since last request: 0.000162 seconds.
  path: Assets/Prefab/Bullet/Enemy/BoseBullet2 1.prefab
  artifactKey: Guid(a4513baaf7c375c48910eeb648306b7b) Importer(815301076,1909f56bfc062723c751e8b465ee728b)
Start importing Assets/Prefab/Bullet/Enemy/BoseBullet2 1.prefab using Guid(a4513baaf7c375c48910eeb648306b7b) Importer(815301076,1909f56bfc062723c751e8b465ee728b)  -> (artifact id: '9238b9a8d4e707aeb43d286d2475608e') in 0.028628 seconds 
========================================================================
Received Import Request.
  Time since last request: 0.287843 seconds.
  path: Assets/Prefab/Bullet/Enemy/BoseBullet2.prefab
  artifactKey: Guid(9e7ed2dbd16b243439eca16cf4eb3296) Importer(815301076,1909f56bfc062723c751e8b465ee728b)
Start importing Assets/Prefab/Bullet/Enemy/BoseBullet2.prefab using Guid(9e7ed2dbd16b243439eca16cf4eb3296) Importer(815301076,1909f56bfc062723c751e8b465ee728b)  -> (artifact id: '09e802a22298030ab5366d735773ccac') in 0.027117 seconds 
========================================================================
Received Import Request.
  Time since last request: 0.000313 seconds.
  path: Assets/Prefab/Bullet/Enemy/LazerEnemy.prefab
  artifactKey: Guid(9f340a94d8e1a4e4780f3db1b2845ce8) Importer(815301076,1909f56bfc062723c751e8b465ee728b)
Start importing Assets/Prefab/Bullet/Enemy/LazerEnemy.prefab using Guid(9f340a94d8e1a4e4780f3db1b2845ce8) Importer(815301076,1909f56bfc062723c751e8b465ee728b)  -> (artifact id: '37cfc682093e5f626444c723f0da138a') in 0.018870 seconds 
========================================================================
Received Import Request.
  Time since last request: 0.000208 seconds.
  path: Assets/Prefab/Bullet/Enemy/MonsterBullet.prefab
  artifactKey: Guid(c9a6ccefda3ea5b44887c4a7c62cc8e3) Importer(815301076,1909f56bfc062723c751e8b465ee728b)
Start importing Assets/Prefab/Bullet/Enemy/MonsterBullet.prefab using Guid(c9a6ccefda3ea5b44887c4a7c62cc8e3) Importer(815301076,1909f56bfc062723c751e8b465ee728b)  -> (artifact id: 'b81d222f869264f0551a8ef71a2cb9aa') in 0.025618 seconds 
========================================================================
Received Import Request.
  Time since last request: 0.000250 seconds.
  path: Assets/Prefab/Bullet/Enemy/BoseBullet3.prefab
  artifactKey: Guid(eaed50cd5da63194880ce4aca2623d36) Importer(815301076,1909f56bfc062723c751e8b465ee728b)
Start importing Assets/Prefab/Bullet/Enemy/BoseBullet3.prefab using Guid(eaed50cd5da63194880ce4aca2623d36) Importer(815301076,1909f56bfc062723c751e8b465ee728b)  -> (artifact id: '5c44e2b2b8fab1b5648bd16d1ef5f796') in 0.025723 seconds 
========================================================================
Received Import Request.
  Time since last request: 0.000212 seconds.
  path: Assets/Prefab/Bullet/Enemy/BoseLaser1_BLUE.prefab
  artifactKey: Guid(a8ef8097f78869f408f663a992683d43) Importer(815301076,1909f56bfc062723c751e8b465ee728b)
Start importing Assets/Prefab/Bullet/Enemy/BoseLaser1_BLUE.prefab using Guid(a8ef8097f78869f408f663a992683d43) Importer(815301076,1909f56bfc062723c751e8b465ee728b)  -> (artifact id: '65bc54d7af47608d2fb93f64c57844db') in 0.065911 seconds 
========================================================================
Received Import Request.
  Time since last request: 0.000276 seconds.
  path: Assets/Prefab/Bullet/Enemy/DroneBullet.prefab
  artifactKey: Guid(13731d76054547b4a9de378864f5ebd2) Importer(815301076,1909f56bfc062723c751e8b465ee728b)
Start importing Assets/Prefab/Bullet/Enemy/DroneBullet.prefab using Guid(13731d76054547b4a9de378864f5ebd2) Importer(815301076,1909f56bfc062723c751e8b465ee728b)  -> (artifact id: 'c8482357292bd4688dfc3507acfd4a8b') in 0.023902 seconds 
========================================================================
Received Import Request.
  Time since last request: 0.000210 seconds.
  path: Assets/Prefab/Bullet/Enemy/BoseBullet3_BLUE.prefab
  artifactKey: Guid(3a16f989428ec8946aeeab2a09a8a5eb) Importer(815301076,1909f56bfc062723c751e8b465ee728b)
Start importing Assets/Prefab/Bullet/Enemy/BoseBullet3_BLUE.prefab using Guid(3a16f989428ec8946aeeab2a09a8a5eb) Importer(815301076,1909f56bfc062723c751e8b465ee728b)  -> (artifact id: '16f689d97534ca0bd7580607d2da8371') in 0.026345 seconds 
========================================================================
Received Prepare
Registering precompiled user dll's ...
Registered in 0.007527 seconds.
Begin MonoManager ReloadAssembly
Native extension for WindowsStandalone target not found
Refreshing native plugins compatible for Editor in 1.02 ms, found 4 plugins.
Preloading 0 native plugins for Editor in 0.00 ms.
Mono: successfully reloaded assembly
- Completed reload, in  1.217 seconds
Domain Reload Profiling:
	ReloadAssembly (1218ms)
		BeginReloadAssembly (123ms)
			ExecutionOrderSort (0ms)
			DisableScriptedObjects (7ms)
			BackupInstance (0ms)
			ReleaseScriptingObjects (0ms)
			CreateAndSetChildDomain (52ms)
		EndReloadAssembly (1050ms)
			LoadAssemblies (81ms)
			RebuildTransferFunctionScriptingTraits (0ms)
			SetupTypeCache (290ms)
			ReleaseScriptCaches (2ms)
			RebuildScriptCaches (44ms)
			SetupLoadedEditorAssemblies (498ms)
				LogAssemblyErrors (0ms)
				InitializePlatformSupportModulesInManaged (3ms)
				SetLoadedEditorAssemblies (0ms)
				RefreshPlugins (1ms)
				BeforeProcessingInitializeOnLoad (134ms)
				ProcessInitializeOnLoadAttributes (310ms)
				ProcessInitializeOnLoadMethodAttributes (45ms)
				AfterProcessingInitializeOnLoad (4ms)
				EditorAssembliesLoaded (0ms)
			ExecutionOrderSort2 (0ms)
			AwakeInstancesAfterBackupRestoration (21ms)
Platform modules already initialized, skipping
Refreshing native plugins compatible for Editor in 1.12 ms, found 4 plugins.
Preloading 0 native plugins for Editor in 0.00 ms.
Unloading 3880 Unused Serialized files (Serialized files now loaded: 0)
System memory in use before: 161.1 MB.
System memory in use after: 161.4 MB.

Unloading 71 unused Assets to reduce memory usage. Loaded Objects now: 4843.
Total: 6.824500 ms (FindLiveObjects: 0.294600 ms CreateObjectMapping: 0.122200 ms MarkObjects: 6.358700 ms  DeleteObjects: 0.047800 ms)

AssetImportParameters requested are different than current active one (requested -> active):
  custom:framework-win-MediaFoundation: 216162199b28c13a410421893ffa2e32 -> 
  custom:video-decoder-ogg-theora: a1e56fd34408186e4bbccfd4996cb3dc -> 
  custom:container-muxer-webm: aa71ff27fc2769a1b78a27578f13a17b -> 
  custom:container-demuxer-webm: 4f35f7cbe854078d1ac9338744f61a02 -> 
  custom:container-demuxer-ogg: 62fdf1f143b41e24485cea50d1cbac27 -> 
  custom:video-encoder-webm-vp8: eb34c28f22e8b96e1ab97ce403110664 -> 
  custom:video-codec-MediaFoundation-h265: 746d11721c4dcdbdad8f713fa42b33f4 -> 
  custom:video-decoder-webm-vp8: 9c59270c3fd7afecdb556c50c9e8de78 -> 
  custom:audio-decoder-ogg-vorbis: bf7c407c2cedff20999df2af8eb42d56 -> 
  custom:audio-encoder-webm-vorbis: bf7c407c2cedff20999df2af8eb42d56 -> 
========================================================================
Received Prepare
Registering precompiled user dll's ...
Registered in 0.004223 seconds.
Begin MonoManager ReloadAssembly
Native extension for WindowsStandalone target not found
Refreshing native plugins compatible for Editor in 1.11 ms, found 4 plugins.
Preloading 0 native plugins for Editor in 0.00 ms.
Mono: successfully reloaded assembly
- Completed reload, in  1.184 seconds
Domain Reload Profiling:
	ReloadAssembly (1184ms)
		BeginReloadAssembly (102ms)
			ExecutionOrderSort (0ms)
			DisableScriptedObjects (4ms)
			BackupInstance (0ms)
			ReleaseScriptingObjects (0ms)
			CreateAndSetChildDomain (36ms)
		EndReloadAssembly (1036ms)
			LoadAssemblies (80ms)
			RebuildTransferFunctionScriptingTraits (0ms)
			SetupTypeCache (261ms)
			ReleaseScriptCaches (2ms)
			RebuildScriptCaches (40ms)
			SetupLoadedEditorAssemblies (527ms)
				LogAssemblyErrors (0ms)
				InitializePlatformSupportModulesInManaged (3ms)
				SetLoadedEditorAssemblies (0ms)
				RefreshPlugins (1ms)
				BeforeProcessingInitializeOnLoad (133ms)
				ProcessInitializeOnLoadAttributes (334ms)
				ProcessInitializeOnLoadMethodAttributes (49ms)
				AfterProcessingInitializeOnLoad (5ms)
				EditorAssembliesLoaded (0ms)
			ExecutionOrderSort2 (0ms)
			AwakeInstancesAfterBackupRestoration (23ms)
Platform modules already initialized, skipping
Refreshing native plugins compatible for Editor in 1.63 ms, found 4 plugins.
Preloading 0 native plugins for Editor in 0.00 ms.
Unloading 3880 Unused Serialized files (Serialized files now loaded: 0)
System memory in use before: 161.1 MB.
System memory in use after: 161.4 MB.

Unloading 71 unused Assets to reduce memory usage. Loaded Objects now: 4846.
Total: 9.645400 ms (FindLiveObjects: 0.632100 ms CreateObjectMapping: 0.277800 ms MarkObjects: 8.664900 ms  DeleteObjects: 0.068500 ms)

AssetImportParameters requested are different than current active one (requested -> active):
  custom:framework-win-MediaFoundation: 216162199b28c13a410421893ffa2e32 -> 
  custom:video-decoder-ogg-theora: a1e56fd34408186e4bbccfd4996cb3dc -> 
  custom:container-muxer-webm: aa71ff27fc2769a1b78a27578f13a17b -> 
  custom:container-demuxer-webm: 4f35f7cbe854078d1ac9338744f61a02 -> 
  custom:container-demuxer-ogg: 62fdf1f143b41e24485cea50d1cbac27 -> 
  custom:video-encoder-webm-vp8: eb34c28f22e8b96e1ab97ce403110664 -> 
  custom:video-codec-MediaFoundation-h265: 746d11721c4dcdbdad8f713fa42b33f4 -> 
  custom:video-decoder-webm-vp8: 9c59270c3fd7afecdb556c50c9e8de78 -> 
  custom:audio-decoder-ogg-vorbis: bf7c407c2cedff20999df2af8eb42d56 -> 
  custom:audio-encoder-webm-vorbis: bf7c407c2cedff20999df2af8eb42d56 -> 
========================================================================
Received Import Request.
  Time since last request: 82.505282 seconds.
  path: Assets/Scenes/Main.unity
  artifactKey: Guid(5e865f9c217399e49bd4cadef8872933) Importer(815301076,1909f56bfc062723c751e8b465ee728b)
Start importing Assets/Scenes/Main.unity using Guid(5e865f9c217399e49bd4cadef8872933) Importer(815301076,1909f56bfc062723c751e8b465ee728b)  -> (artifact id: 'd8b9f1fe41820ed992357997db09b482') in 0.014060 seconds 
AssetImportWorkerClient::OnTransportError - code=2 error=End of file
